Mplus VERSION 8 (Mac)
MUTHEN & MUTHEN
09/15/2020   3:13 PM

INPUT INSTRUCTIONS

  Title:
  Mplus file written by Stat/Transfer

  !  The following variables were converted:
  !    ID : id
  !    t : t
  !    d0_s1 : d0_s1
  !    impr : impr
  !    warm : warm
  !    comp : comp
  !    statval : statval
  !    statnum : statnum
  !    Itemtype : Itemtype
  !    x1 : x1
  !    x2 : x2
  !    x3 : x3
  !    x4 : x4
  !    x5 : x5
  !    x6 : x6
  !    x7 : x7
  !    x8 : x8
  !    itemnum : itemnum
  !    Meanval1 : Meanval1
  !    Meanval2 : Meanval2
  !    int_lag : gen int_lag= Meanval1* l.Meanval1
  !    INTERACT = int_fwd : gen int_fwd= Meanval1* f.Meanval1

  Data:
     File is prolific-mplus-statval-attchecks.dat ;

  Variable:
     Names are     ID          T           D0_S1       IMPR        WARM        COMP
       STATVAL     STATNUM     ITEMTYPE    X1          X2          X3
       X4          X5          X6          X7          X8          ITEMNUM
       MEANVAL1    MEANVAL2    INTERACT    INT_FWD  ;
     Missing are . ;

  ! interact is statval*lag(statval) so we use the contemporaneous value here for it

    CLUSTER = ID;
    LAGGED = IMPR(1) WARM(1) COMP(1) interact(1);
    BETWEEN = D0_S1;
    WITHIN = STATVAL interact;
    Usevariables are D0_S1 IMPR WARM COMP STATVAL interact;

  Analysis:
    TYPE = random twolevel ! CROSSCLASSIFIED;
    ;
    ESTIMATOR = BAYES;
    PROCESSORS = 2;
    THIN = 2;
    FBITERATIONS = 10000;

  Model:
  %Within%
  II | IMPR on IMPR&1;
  IW | IMPR on WARM&1;
  IC | IMPR on COMP&1;
  WI | WARM on IMPR&1;
  WW | WARM on WARM&1;
  WC | WARM on COMP&1;
  CI | COMP on IMPR&1;
  CW | COMP on WARM&1;
  CC | COMP on COMP&1;
  ISV | IMPR on STATVAL;
  WSV | WARM on STATVAL;
  CSV | COMP on STATVAL;
  IINT | IMPR on interact&1;
  WINT | WARM on interact&1;
  CINT | COMP on interact&1;
  interact on interact&1@0;


  %Between%
  IMPR ON d0_s1 (b0IMPR);
  WARM ON d0_s1 (b0WARM);
  COMP ON d0_s1 (b0COMP);
  II ON d0_s1 (b0II);
  IW ON d0_s1 (b0IW);
  IC ON d0_s1 (b0IC);
  WI ON d0_s1 (b0WI);
  WW ON d0_s1 (b0WW);
  WC ON d0_s1 (b0WC);
  CI ON d0_s1 (b0CI);
  CW ON d0_s1 (b0CW);
  CC ON d0_s1 (b0CC);
  ISV ON d0_s1 (b0ISV);
  WSV ON d0_s1 (b0WSV);
  CSV ON d0_s1 (b0CSV);
  IINT ON d0_s1 (b0IINT);
  WINT ON d0_s1 (b0WINT);
  CINT ON d0_s1 (b0CINT);


  [IMPR] (dIMPR); [WARM] (dWARM); [COMP] (dCOMP); [II] (dII); [IW] (dIW);
  [IC] (dIC); [WI] (dWI); [WW] (dWW); [WC] (dWC); [CI] (dCI); [CW] (dCW);
  [CC] (dCC); [ISV] (dISV); [WSV] (dWSV); [CSV] (dCSV);
  [IINT] (dIINT); [WINT] (dWINT); [CINT] (dCINT);

  MODEL CONSTRAINT:
  New (sIMPR sWARM sCOMP sII sIW sIC sWI sWW sWC sCI sCW sCC sISV sWSV sCSV
  sIINT sWINT sCINT);

  sIMPR=dIMPR+b0IMPR;
  sWARM=dWARM+b0WARM;
  sCOMP=dCOMP+b0COMP;
  sII=dII+b0II;
  sIW=dIW+b0IW;
  sIC=dIC+b0IC;
  sWI=dWI+b0WI;
  sWW=dWW+b0WW;
  sWC=dWC+b0WC;
  sCI=dCI+b0CI;
  sCW=dCW+b0CW;
  sCC=dCC+b0CC;
  sISV=dISV+b0ISV;
  sWSV=dWSV+b0WSV;
  sCSV=dCSV+b0CSV;
  sIINT=dIINT+b0IINT;
  sWINT=dWINT+b0WINT;
  sCINT=dCINT+b0CINT;


  Output: tech1 tech8 stdyx stdy;



*** WARNING in VARIABLE command
  Note that only the first 8 characters of variable names are used in the output.
  Shorten variable names to avoid any confusion.
   1 WARNING(S) FOUND IN THE INPUT INSTRUCTIONS




Mplus file written by Stat/Transfer

SUMMARY OF ANALYSIS

Number of groups                                                 1
Number of observations                                        8120

Number of dependent variables                                    4
Number of independent variables                                  6
Number of continuous latent variables                           15

Observed dependent variables

  Continuous
   IMPR        WARM        COMP        INTERACT

Observed independent variables
   D0_S1       STATVAL     IMPR&1      WARM&1      COMP&1      INTERACT

Continuous latent variables
   II          IW          IC          WI          WW          WC
   CI          CW          CC          ISV         WSV         CSV
   IINT        WINT        CINT

Variables with special functions

  Cluster variable      ID

  Within variables
   STATVAL     INTERACT    IMPR&1      WARM&1      COMP&1      INTERACT

  Between variables
   D0_S1


Estimator                                                    BAYES
Specifications for Bayesian Estimation
  Point estimate                                            MEDIAN
  Number of Markov chain Monte Carlo (MCMC) chains               2
  Random seed for the first chain                                0
  Starting value information                           UNPERTURBED
  Treatment of categorical mediator                         LATENT
  Algorithm used for Markov chain Monte Carlo           GIBBS(PX1)
  Fixed number of iterations                                 10000
  K-th iteration used for thinning                               2

Input data file(s)
  prolific-mplus-statval-attchecks.dat
Input data format  FREE


SUMMARY OF DATA

     Number of clusters                        203

       Size (s)    Cluster ID with Size s

         40        1 2 3 4 5 6 7 8 9 10 11 12 13 14 15 16 17 18 19 20 21
                   22 23 24 26 27 28 29 30 31 32 33 34 35 36 37 38 39 40
                   41 42 43 44 45 47 48 49 50 51 52 53 54 55 56 57 58 59
                   60 61 62 63 64 65 66 67 68 69 70 71 72 73 74 75 76 77
                   78 79 80 81 82 83 84 85 86 87 88 89 90 91 92 93 94 95
                   96 97 98 99 100 101 102 103 104 105 106 107 108 109
                   110 111 112 113 114 115 116 117 118 119 120 121 122
                   123 124 125 127 128 129 130 131 132 133 134 135 136
                   137 138 139 140 141 142 143 144 145 146 147 148 149
                   150 151 152 153 154 155 156 157 158 159 160 161 162
                   163 164 165 166 167 168 169 170 171 172 173 174 175
                   176 177 178 179 180 181 182 183 184 185 186 187 188
                   189 190 191 192 193 194 195 196 197 198 199 200 201
                   202 203 204 205 206



COVARIANCE COVERAGE OF DATA

Minimum covariance coverage value   0.100

     Number of missing data patterns             4


     PROPORTION OF DATA PRESENT


           Covariance Coverage
              IMPR          WARM          COMP          INTERACT      STATVAL
              ________      ________      ________      ________      ________
 IMPR           1.000
 WARM           1.000         1.000
 COMP           1.000         1.000         1.000
 INTERACT       1.000         1.000         1.000         1.000
 STATVAL        1.000         1.000         1.000         1.000         1.000
 D0_S1          1.000         1.000         1.000         1.000         1.000


           Covariance Coverage
              D0_S1
              ________
 D0_S1          1.000



UNIVARIATE SAMPLE STATISTICS


     UNIVARIATE HIGHER-ORDER MOMENT DESCRIPTIVE STATISTICS

         Variable/         Mean/     Skewness/   Minimum/ % with                Percentiles
        Sample Size      Variance    Kurtosis    Maximum  Min/Max      20%/60%    40%/80%    Median

     IMPR                 -0.020      -0.020      -3.000    8.10%      -2.080     -0.680      0.010
            8120.000       3.916      -1.276       3.000    8.77%       0.670      2.050
     WARM                  0.034      -0.128      -3.000    7.29%      -2.020     -0.050      0.030
            8120.000       3.468      -1.093       3.000    6.74%       0.670      1.950
     COMP                 -0.097      -0.026      -3.000    8.24%      -2.070     -0.570      0.000
            8120.000       3.592      -1.194       3.000    6.02%       0.490      1.880
     INTERACT             -0.029       0.052      -1.000   33.38%      -1.000      0.000      0.000
            8119.000       0.638      -1.431       1.000   30.50%       0.000      1.000
     STATVAL               0.000       0.000      -1.000   40.00%      -1.000     -1.000      0.000
            8120.000       0.800      -1.750       1.000   40.00%       0.000      1.000
     D0_S1                 0.502      -0.010       0.000   49.75%       0.000      0.000      1.000
             203.000       0.250      -2.000       1.000   50.25%       1.000      1.000


     WARNING: PROBLEMS OCCURRED IN SEVERAL ITERATIONS IN THE COMPUTATION OF THE STANDARDIZED ESTIMATES FOR SEVERAL
     CLUSTERS. THIS IS MOST LIKELY DUE TO AR COEFFICIENTS GREATER THAN 1 OR PARAMETERS GIVING NON-STATIONARY MODELS.
     SUCH POSTERIOR DRAWS ARE REMOVED. THE FOLLOWING CLUSTERS HAD SUCH PROBLEMS:
          2 5 6 7 11 13 17 22 24 26 30 39 40 49 52 54 58 60 61 65 66 68 72 75 80 81 84 88 90 91 94 99
          102 103 105 107 108 113 115 118 119 127 129 133 137 139 140 142 143 144 145 150 152 154 155
          156 157 159 163 164 165 166 169 171 172 176 178 180 181 183 187 188 189 190 191 192 197 198
          203 204 205

THE MODEL ESTIMATION TERMINATED NORMALLY

     USE THE FBITERATIONS OPTION TO INCREASE THE NUMBER OF ITERATIONS BY A FACTOR
     OF AT LEAST TWO TO CHECK CONVERGENCE AND THAT THE PSR VALUE DOES NOT INCREASE.



MODEL FIT INFORMATION

Number of Free Parameters                              68

Information Criteria

          Deviance (DIC)                        73633.674
          Estimated Number of Parameters (pD)    1911.729



MODEL RESULTS

                                Posterior  One-Tailed         95% C.I.
                    Estimate       S.D.      P-Value   Lower 2.5%  Upper 2.5%  Significance

Within Level

 INTERACT   ON
    INTERACT&1         0.000       0.000      1.000       0.000       0.000

 WARM     WITH
    IMPR               0.460       0.010      0.000       0.440       0.480      *

 COMP     WITH
    IMPR               0.435       0.010      0.000       0.416       0.454      *
    WARM               0.315       0.009      0.000       0.297       0.334      *

 INTERACT WITH
    IMPR              -0.017       0.007      0.013      -0.031      -0.002      *
    WARM              -0.002       0.008      0.380      -0.018       0.013
    COMP              -0.009       0.008      0.112      -0.025       0.005

 Intercepts
    INTERACT          -0.029       0.009      0.000      -0.047      -0.012      *

 Residual Variances
    IMPR               0.676       0.012      0.000       0.654       0.699      *
    WARM               0.748       0.012      0.000       0.725       0.773      *
    COMP               0.712       0.012      0.000       0.688       0.736      *
    INTERACT           0.639       0.010      0.000       0.619       0.659      *

Between Level

 II         ON
    D0_S1              0.087       0.053      0.049      -0.018       0.191

 IW         ON
    D0_S1             -0.010       0.032      0.378      -0.072       0.053

 IC         ON
    D0_S1              0.021       0.029      0.236      -0.035       0.079

 WI         ON
    D0_S1              0.055       0.035      0.055      -0.013       0.123

 WW         ON
    D0_S1              0.022       0.052      0.337      -0.079       0.124

 WC         ON
    D0_S1              0.032       0.030      0.140      -0.026       0.092

 CI         ON
    D0_S1              0.016       0.035      0.318      -0.051       0.087

 CW         ON
    D0_S1             -0.004       0.031      0.444      -0.065       0.055

 CC         ON
    D0_S1              0.128       0.052      0.007       0.027       0.230      *

 ISV        ON
    D0_S1             -0.211       0.114      0.032      -0.431       0.014

 WSV        ON
    D0_S1             -0.217       0.111      0.026      -0.434       0.002

 CSV        ON
    D0_S1             -0.251       0.114      0.015      -0.474      -0.024      *

 IINT       ON
    D0_S1             -0.023       0.026      0.201      -0.072       0.031

 WINT       ON
    D0_S1             -0.014       0.028      0.317      -0.065       0.043

 CINT       ON
    D0_S1             -0.036       0.025      0.089      -0.083       0.016

 IMPR       ON
    D0_S1              0.270       0.114      0.009       0.049       0.496      *

 WARM       ON
    D0_S1              0.323       0.114      0.003       0.100       0.546      *

 COMP       ON
    D0_S1              0.340       0.124      0.003       0.095       0.585      *

 WARM     WITH
    IMPR               0.522       0.078      0.000       0.386       0.693      *

 COMP     WITH
    IMPR               0.570       0.083      0.000       0.426       0.750      *
    WARM               0.574       0.082      0.000       0.432       0.750      *

 Intercepts
    IMPR              -0.088       0.081      0.133      -0.248       0.068
    WARM              -0.115       0.080      0.076      -0.274       0.039
    COMP              -0.221       0.087      0.007      -0.394      -0.051      *
    II                 0.286       0.038      0.000       0.214       0.360      *
    IW                 0.002       0.022      0.462      -0.039       0.045
    IC                 0.032       0.022      0.070      -0.010       0.075
    WI                 0.014       0.026      0.297      -0.039       0.062
    WW                 0.309       0.036      0.000       0.240       0.379      *
    WC                 0.001       0.023      0.484      -0.043       0.046
    CI                 0.023       0.025      0.181      -0.025       0.072
    CW                -0.009       0.021      0.327      -0.050       0.031
    CC                 0.303       0.037      0.000       0.232       0.375      *
    ISV                1.527       0.081      0.000       1.371       1.683      *
    WSV                1.327       0.079      0.000       1.171       1.481      *
    CSV                1.315       0.080      0.000       1.160       1.470      *
    IINT               0.034       0.017      0.028      -0.001       0.068
    WINT               0.002       0.019      0.455      -0.035       0.039
    CINT               0.019       0.018      0.146      -0.016       0.052

 Residual Variances
    IMPR               0.529       0.080      0.000       0.388       0.704      *
    WARM               0.532       0.079      0.000       0.396       0.703      *
    COMP               0.641       0.091      0.000       0.482       0.839      *
    II                 0.084       0.010      0.000       0.067       0.107      *
    IW                 0.011       0.003      0.000       0.006       0.019      *
    IC                 0.006       0.002      0.000       0.002       0.011      *
    WI                 0.004       0.003      0.000       0.001       0.011      *
    WW                 0.092       0.011      0.000       0.073       0.117      *
    WC                 0.005       0.003      0.000       0.001       0.011      *
    CI                 0.008       0.003      0.000       0.003       0.016      *
    CW                 0.007       0.003      0.000       0.002       0.013      *
    CC                 0.090       0.011      0.000       0.072       0.115      *
    ISV                0.633       0.066      0.000       0.518       0.779      *
    WSV                0.591       0.063      0.000       0.484       0.729      *
    CSV                0.628       0.066      0.000       0.514       0.775      *
    IINT               0.001       0.001      0.000       0.000       0.003      *
    WINT               0.001       0.001      0.000       0.000       0.004      *
    CINT               0.001       0.001      0.000       0.000       0.004      *

New/Additional Parameters
    SIMPR              0.184       0.082      0.014       0.020       0.343      *
    SWARM              0.208       0.082      0.006       0.046       0.368      *
    SCOMP              0.120       0.090      0.089      -0.061       0.297
    SII                0.374       0.037      0.000       0.299       0.446      *
    SIW               -0.008       0.023      0.372      -0.052       0.040
    SIC                0.053       0.019      0.002       0.015       0.092      *
    SWI                0.069       0.024      0.004       0.020       0.114      *
    SWW                0.332       0.038      0.000       0.257       0.405      *
    SWC                0.032       0.020      0.043      -0.005       0.073
    SCI                0.040       0.025      0.050      -0.009       0.089
    SCW               -0.014       0.023      0.269      -0.058       0.031
    SCC                0.431       0.036      0.000       0.361       0.504      *
    SISV               1.318       0.081      0.000       1.156       1.475      *
    SWSV               1.111       0.079      0.000       0.955       1.264      *
    SCSV               1.063       0.081      0.000       0.904       1.223      *
    SIINT              0.012       0.017      0.242      -0.021       0.047
    SWINT             -0.011       0.018      0.273      -0.046       0.026
    SCINT             -0.017       0.018      0.176      -0.049       0.019


STANDARDIZED MODEL RESULTS


STDYX Standardization

                                Posterior  One-Tailed         95% C.I.
                    Estimate       S.D.      P-Value   Lower 2.5%  Upper 2.5%  Significance

Within-Level Standardized Estimates Averaged Over Clusters

 II | IMPR ON
    IMPR&1             0.330       0.016      0.000       0.298       0.360      *

 IW | IMPR ON
    WARM&1            -0.002       0.013      0.431      -0.028       0.023

 IC | IMPR ON
    COMP&1             0.041       0.013      0.000       0.017       0.067      *

 ISV | IMPR ON
    STATVAL            0.687       0.006      0.000       0.676       0.698      *

 IINT | IMPR ON
    INTERACT&1         0.010       0.005      0.015       0.001       0.022      *

 WI | WARM ON
    IMPR&1             0.044       0.017      0.006       0.009       0.079      *

 WW | WARM ON
    WARM&1             0.318       0.015      0.000       0.290       0.348      *

 WC | WARM ON
    COMP&1             0.018       0.015      0.096      -0.009       0.050

 WSV | WARM ON
    STATVAL            0.630       0.006      0.000       0.618       0.642      *

 WINT | WARM ON
    INTERACT&1        -0.003       0.006      0.308      -0.016       0.008

 CI | COMP ON
    IMPR&1             0.037       0.017      0.019       0.003       0.068      *

 CW | COMP ON
    WARM&1            -0.013       0.014      0.162      -0.041       0.014

 CC | COMP ON
    COMP&1             0.364       0.014      0.000       0.336       0.393      *

 CSV | COMP ON
    STATVAL            0.606       0.006      0.000       0.593       0.617      *

 CINT | COMP ON
    INTERACT&1         0.001       0.006      0.466      -0.010       0.013

 INTERACT   ON
    INTERACT&1         0.000       0.000      1.000       0.000       0.000

 WARM     WITH
    IMPR               0.647       0.007      0.000       0.634       0.659      *

 COMP     WITH
    IMPR               0.628       0.007      0.000       0.613       0.641      *
    WARM               0.432       0.009      0.000       0.414       0.450      *

 INTERACT WITH
    IMPR              -0.025       0.011      0.010      -0.048      -0.004      *
    WARM              -0.004       0.011      0.370      -0.025       0.017
    COMP              -0.014       0.011      0.105      -0.037       0.007

 Intercepts
    INTERACT          -0.036       0.011      0.001      -0.059      -0.015      *

 Residual Variances
    IMPR               0.253       0.028      0.000       0.240       0.268      *
    WARM               0.310       0.012      0.000       0.295       0.327      *
    COMP               0.302       0.020      0.000       0.287       0.318      *
    INTERACT           1.000       0.000      0.000       1.000       1.000

Between Level

 II         ON
    D0_S1              0.105       0.063      0.049      -0.022       0.228

 IW         ON
    D0_S1             -0.033       0.105      0.378      -0.238       0.172

 IC         ON
    D0_S1              0.099       0.140      0.236      -0.168       0.386

 WI         ON
    D0_S1              0.293       0.209      0.055      -0.075       0.759

 WW         ON
    D0_S1              0.026       0.060      0.337      -0.092       0.143

 WC         ON
    D0_S1              0.164       0.178      0.140      -0.127       0.608

 CI         ON
    D0_S1              0.064       0.139      0.318      -0.205       0.344

 CW         ON
    D0_S1             -0.018       0.135      0.444      -0.284       0.244

 CC         ON
    D0_S1              0.149       0.059      0.007       0.031       0.262      *

 ISV        ON
    D0_S1             -0.093       0.050      0.032      -0.189       0.006

 WSV        ON
    D0_S1             -0.099       0.050      0.026      -0.197       0.001

 CSV        ON
    D0_S1             -0.112       0.050      0.015      -0.207      -0.011      *

 IINT       ON
    D0_S1             -0.218       0.261      0.201      -0.707       0.305

 WINT       ON
    D0_S1             -0.120       0.290      0.317      -0.788       0.441

 CINT       ON
    D0_S1             -0.315       0.262      0.089      -0.915       0.131

 IMPR       ON
    D0_S1              0.131       0.054      0.009       0.023       0.234      *

 WARM       ON
    D0_S1              0.155       0.053      0.003       0.048       0.257      *

 COMP       ON
    D0_S1              0.149       0.054      0.003       0.041       0.251      *

 WARM     WITH
    IMPR               0.985       0.005      0.000       0.973       0.993      *

 COMP     WITH
    IMPR               0.979       0.006      0.000       0.964       0.989      *
    WARM               0.983       0.007      0.000       0.967       0.993      *

 Intercepts
    IMPR              -0.121       0.108      0.133      -0.326       0.095
    WARM              -0.156       0.107      0.076      -0.360       0.053
    COMP              -0.274       0.105      0.007      -0.474      -0.064      *
    II                 0.979       0.144      0.000       0.706       1.267      *
    IW                 0.018       0.202      0.462      -0.371       0.420
    IC                 0.434       0.314      0.070      -0.138       1.118
    WI                 0.209       0.432      0.297      -0.607       1.121
    WW                 1.017       0.131      0.000       0.761       1.276      *
    WC                 0.014       0.371      0.484      -0.811       0.734
    CI                 0.259       0.296      0.181      -0.276       0.891
    CW                -0.113       0.260      0.327      -0.637       0.381
    CC                 0.998       0.138      0.000       0.731       1.274      *
    ISV                1.910       0.135      0.000       1.644       2.175      *
    WSV                1.718       0.131      0.000       1.460       1.971      *
    CSV                1.649       0.128      0.000       1.396       1.895      *
    IINT               0.931       0.536      0.028      -0.018       2.046
    WINT               0.056       0.547      0.455      -0.934       1.357
    CINT               0.477       0.483      0.146      -0.363       1.559

 Residual Variances
    IMPR               0.983       0.015      0.000       0.945       0.999      *
    WARM               0.976       0.017      0.000       0.934       0.998      *
    COMP               0.978       0.016      0.000       0.937       0.998      *
    II                 0.989       0.014      0.000       0.948       1.000      *
    IW                 0.994       0.017      0.000       0.940       1.000      *
    IC                 0.986       0.041      0.000       0.851       1.000      *
    WI                 0.914       0.153      0.000       0.423       1.000      *
    WW                 0.998       0.006      0.000       0.979       1.000      *
    WC                 0.972       0.103      0.000       0.629       1.000      *
    CI                 0.989       0.034      0.000       0.879       1.000      *
    CW                 0.992       0.029      0.000       0.903       1.000      *
    CC                 0.978       0.018      0.000       0.932       0.999      *
    ISV                0.991       0.010      0.000       0.964       1.000      *
    WSV                0.990       0.010      0.000       0.961       1.000      *
    CSV                0.987       0.011      0.000       0.957       1.000      *
    IINT               0.941       0.141      0.000       0.499       1.000      *
    WINT               0.964       0.162      0.000       0.371       1.000      *
    CINT               0.900       0.216      0.000       0.162       1.000      *


STDY Standardization

                                Posterior  One-Tailed         95% C.I.
                    Estimate       S.D.      P-Value   Lower 2.5%  Upper 2.5%  Significance

Within-Level Standardized Estimates Averaged Over Clusters

 II | IMPR ON
    IMPR&1             0.205       0.010      0.000       0.185       0.223      *

 IW | IMPR ON
    WARM&1            -0.001       0.008      0.462      -0.017       0.015

 IC | IMPR ON
    COMP&1             0.025       0.008      0.000       0.010       0.041      *

 ISV | IMPR ON
    STATVAL            0.737       0.005      0.000       0.727       0.748      *

 IINT | IMPR ON
    INTERACT&1         0.013       0.006      0.015       0.001       0.027      *

 WI | WARM ON
    IMPR&1             0.026       0.010      0.005       0.006       0.046      *

 WW | WARM ON
    WARM&1             0.203       0.009      0.000       0.185       0.220      *

 WC | WARM ON
    COMP&1             0.010       0.009      0.095      -0.006       0.029

 WSV | WARM ON
    STATVAL            0.677       0.006      0.000       0.665       0.687      *

 WINT | WARM ON
    INTERACT&1        -0.004       0.007      0.308      -0.021       0.010

 CI | COMP ON
    IMPR&1             0.023       0.010      0.013       0.003       0.042      *

 CW | COMP ON
    WARM&1            -0.007       0.009      0.218      -0.024       0.010

 CC | COMP ON
    COMP&1             0.228       0.009      0.000       0.212       0.247      *

 CSV | COMP ON
    STATVAL            0.650       0.006      0.000       0.638       0.662      *

 CINT | COMP ON
    INTERACT&1         0.001       0.007      0.466      -0.012       0.016

 INTERACT   ON
    INTERACT&1         0.000       0.000      1.000       0.000       0.000

 WARM     WITH
    IMPR               0.647       0.007      0.000       0.634       0.659      *

 COMP     WITH
    IMPR               0.628       0.007      0.000       0.613       0.641      *
    WARM               0.432       0.009      0.000       0.414       0.450      *

 INTERACT WITH
    IMPR              -0.025       0.011      0.010      -0.048      -0.004      *
    WARM              -0.004       0.011      0.370      -0.025       0.017
    COMP              -0.014       0.011      0.105      -0.037       0.007

 Intercepts
    INTERACT          -0.036       0.011      0.001      -0.059      -0.015      *

 Residual Variances
    IMPR               0.253       0.028      0.000       0.240       0.268      *
    WARM               0.310       0.012      0.000       0.295       0.327      *
    COMP               0.302       0.020      0.000       0.287       0.318      *
    INTERACT           1.000       0.000      0.000       1.000       1.000

Between Level

 II         ON
    D0_S1              0.298       0.178      0.049      -0.062       0.645

 IW         ON
    D0_S1             -0.093       0.298      0.378      -0.673       0.488

 IC         ON
    D0_S1              0.279       0.397      0.236      -0.477       1.091

 WI         ON
    D0_S1              0.828       0.591      0.055      -0.212       2.145

 WW         ON
    D0_S1              0.073       0.169      0.337      -0.259       0.404

 WC         ON
    D0_S1              0.463       0.503      0.140      -0.358       1.719

 CI         ON
    D0_S1              0.182       0.393      0.318      -0.579       0.973

 CW         ON
    D0_S1             -0.052       0.381      0.444      -0.803       0.691

 CC         ON
    D0_S1              0.423       0.167      0.007       0.089       0.740      *

 ISV        ON
    D0_S1             -0.263       0.141      0.032      -0.534       0.016

 WSV        ON
    D0_S1             -0.281       0.142      0.026      -0.558       0.003

 CSV        ON
    D0_S1             -0.317       0.141      0.015      -0.584      -0.031      *

 IINT       ON
    D0_S1             -0.615       0.738      0.201      -1.999       0.863

 WINT       ON
    D0_S1             -0.338       0.822      0.317      -2.228       1.248

 CINT       ON
    D0_S1             -0.890       0.741      0.089      -2.589       0.371

 IMPR       ON
    D0_S1              0.370       0.152      0.009       0.066       0.661      *

 WARM       ON
    D0_S1              0.438       0.151      0.003       0.137       0.728      *

 COMP       ON
    D0_S1              0.422       0.151      0.003       0.116       0.710      *

 WARM     WITH
    IMPR               0.985       0.005      0.000       0.973       0.993      *

 COMP     WITH
    IMPR               0.979       0.006      0.000       0.964       0.989      *
    WARM               0.983       0.007      0.000       0.967       0.993      *

 Intercepts
    IMPR              -0.121       0.108      0.133      -0.326       0.095
    WARM              -0.156       0.107      0.076      -0.360       0.053
    COMP              -0.274       0.105      0.007      -0.474      -0.064      *
    II                 0.979       0.144      0.000       0.706       1.267      *
    IW                 0.018       0.202      0.462      -0.371       0.420
    IC                 0.434       0.314      0.070      -0.138       1.118
    WI                 0.209       0.432      0.297      -0.607       1.121
    WW                 1.017       0.131      0.000       0.761       1.276      *
    WC                 0.014       0.371      0.484      -0.811       0.734
    CI                 0.259       0.296      0.181      -0.276       0.891
    CW                -0.113       0.260      0.327      -0.637       0.381
    CC                 0.998       0.138      0.000       0.731       1.274      *
    ISV                1.910       0.135      0.000       1.644       2.175      *
    WSV                1.718       0.131      0.000       1.460       1.971      *
    CSV                1.649       0.128      0.000       1.396       1.895      *
    IINT               0.931       0.536      0.028      -0.018       2.046
    WINT               0.056       0.547      0.455      -0.934       1.357
    CINT               0.477       0.483      0.146      -0.363       1.559

 Residual Variances
    IMPR               0.983       0.015      0.000       0.945       0.999      *
    WARM               0.976       0.017      0.000       0.934       0.998      *
    COMP               0.978       0.016      0.000       0.937       0.998      *
    II                 0.989       0.014      0.000       0.948       1.000      *
    IW                 0.994       0.017      0.000       0.940       1.000      *
    IC                 0.986       0.041      0.000       0.851       1.000      *
    WI                 0.914       0.153      0.000       0.423       1.000      *
    WW                 0.998       0.006      0.000       0.979       1.000      *
    WC                 0.972       0.103      0.000       0.629       1.000      *
    CI                 0.989       0.034      0.000       0.879       1.000      *
    CW                 0.992       0.029      0.000       0.903       1.000      *
    CC                 0.978       0.018      0.000       0.932       0.999      *
    ISV                0.991       0.010      0.000       0.964       1.000      *
    WSV                0.990       0.010      0.000       0.961       1.000      *
    CSV                0.987       0.011      0.000       0.957       1.000      *
    IINT               0.941       0.141      0.000       0.499       1.000      *
    WINT               0.964       0.162      0.000       0.371       1.000      *
    CINT               0.900       0.216      0.000       0.162       1.000      *


R-SQUARE

Within-Level R-Square Averaged Across Clusters

                                Posterior  One-Tailed         95% C.I.
    Variable        Estimate       S.D.      P-Value   Lower 2.5%  Upper 2.5%

    IMPR               0.747       0.028      0.001       0.732       0.760
    WARM               0.690       0.012      0.000       0.673       0.705
    COMP               0.698       0.020      0.001       0.682       0.713
    INTERACT           0.000       0.000      1.000       0.000       0.000

Between Level

                                Posterior  One-Tailed         95% C.I.
    Variable        Estimate       S.D.      P-Value   Lower 2.5%  Upper 2.5%

    IMPR               0.017       0.015      0.000       0.001       0.055
    WARM               0.024       0.017      0.000       0.002       0.066
    COMP               0.022       0.016      0.000       0.002       0.063

                                Posterior  One-Tailed         95% C.I.
    Variable        Estimate       S.D.      P-Value   Lower 2.5%  Upper 2.5%

    II                 0.011       0.014      0.000       0.000       0.052
    IW                 0.006       0.017      0.000       0.000       0.060
    IC                 0.014       0.041      0.000       0.000       0.149
    WI                 0.086       0.153      0.000       0.000       0.575
    WW                 0.002       0.006      0.000       0.000       0.021
    WC                 0.028       0.103      0.000       0.000       0.369
    CI                 0.011       0.034      0.000       0.000       0.121
    CW                 0.008       0.029      0.000       0.000       0.097
    CC                 0.022       0.018      0.000       0.001       0.068
    ISV                0.009       0.010      0.000       0.000       0.036
    WSV                0.010       0.010      0.000       0.000       0.039
    CSV                0.013       0.011      0.000       0.000       0.043
    IINT               0.059       0.141      0.000       0.000       0.500
    WINT               0.036       0.162      0.000       0.000       0.629
    CINT               0.100       0.216      0.000       0.000       0.837


TECHNICAL 1 OUTPUT


     PARAMETER SPECIFICATION FOR WITHIN


           NU
              IMPR          WARM          COMP          INTERACT      STATVAL
              ________      ________      ________      ________      ________
                    0             0             0             0             0


           NU
              IMPR&1        WARM&1        COMP&1        INTERACT
              ________      ________      ________      ________
                    0             0             0             0


           LAMBDA
              IMPR          WARM          COMP          INTERACT      STATVAL
              ________      ________      ________      ________      ________
 IMPR               0             0             0             0             0
 WARM               0             0             0             0             0
 COMP               0             0             0             0             0
 INTERACT           0             0             0             0             0
 STATVAL            0             0             0             0             0
 IMPR&1             0             0             0             0             0
 WARM&1             0             0             0             0             0
 COMP&1             0             0             0             0             0
 INTERACT           0             0             0             0             0


           LAMBDA
              IMPR&1        WARM&1        COMP&1        INTERACT
              ________      ________      ________      ________
 IMPR               0             0             0             0
 WARM               0             0             0             0
 COMP               0             0             0             0
 INTERACT           0             0             0             0
 STATVAL            0             0             0             0
 IMPR&1             0             0             0             0
 WARM&1             0             0             0             0
 COMP&1             0             0             0             0
 INTERACT           0             0             0             0


           THETA
              IMPR          WARM          COMP          INTERACT      STATVAL
              ________      ________      ________      ________      ________
 IMPR               0
 WARM               0             0
 COMP               0             0             0
 INTERACT           0             0             0             0
 STATVAL            0             0             0             0             0
 IMPR&1             0             0             0             0             0
 WARM&1             0             0             0             0             0
 COMP&1             0             0             0             0             0
 INTERACT           0             0             0             0             0


           THETA
              IMPR&1        WARM&1        COMP&1        INTERACT
              ________      ________      ________      ________
 IMPR&1             0
 WARM&1             0             0
 COMP&1             0             0             0
 INTERACT           0             0             0             0


           ALPHA
              IMPR          WARM          COMP          INTERACT      STATVAL
              ________      ________      ________      ________      ________
                    0             0             0             1             0


           ALPHA
              IMPR&1        WARM&1        COMP&1        INTERACT
              ________      ________      ________      ________
                    0             0             0             0


           BETA
              IMPR          WARM          COMP          INTERACT      STATVAL
              ________      ________      ________      ________      ________
 IMPR               0             0             0             0             0
 WARM               0             0             0             0             0
 COMP               0             0             0             0             0
 INTERACT           0             0             0             0             0
 STATVAL            0             0             0             0             0
 IMPR&1             0             0             0             0             0
 WARM&1             0             0             0             0             0
 COMP&1             0             0             0             0             0
 INTERACT           0             0             0             0             0


           BETA
              IMPR&1        WARM&1        COMP&1        INTERACT
              ________      ________      ________      ________
 IMPR               0             0             0             0
 WARM               0             0             0             0
 COMP               0             0             0             0
 INTERACT           0             0             0             0
 STATVAL            0             0             0             0
 IMPR&1             0             0             0             0
 WARM&1             0             0             0             0
 COMP&1             0             0             0             0
 INTERACT           0             0             0             0


           PSI
              IMPR          WARM          COMP          INTERACT      STATVAL
              ________      ________      ________      ________      ________
 IMPR               2
 WARM               3             4
 COMP               5             6             7
 INTERACT           8             9            10            11
 STATVAL            0             0             0             0             0
 IMPR&1             0             0             0             0             0
 WARM&1             0             0             0             0             0
 COMP&1             0             0             0             0             0
 INTERACT           0             0             0             0             0


           PSI
              IMPR&1        WARM&1        COMP&1        INTERACT
              ________      ________      ________      ________
 IMPR&1             0
 WARM&1             0             0
 COMP&1             0             0             0
 INTERACT           0             0             0             0


     PARAMETER SPECIFICATION FOR BETWEEN


           NU
              IMPR          WARM          COMP          D0_S1
              ________      ________      ________      ________
                    0             0             0             0


           LAMBDA
              II            IW            IC            WI            WW
              ________      ________      ________      ________      ________
 IMPR               0             0             0             0             0
 WARM               0             0             0             0             0
 COMP               0             0             0             0             0
 D0_S1              0             0             0             0             0


           LAMBDA
              WC            CI            CW            CC            ISV
              ________      ________      ________      ________      ________
 IMPR               0             0             0             0             0
 WARM               0             0             0             0             0
 COMP               0             0             0             0             0
 D0_S1              0             0             0             0             0


           LAMBDA
              WSV           CSV           IINT          WINT          CINT
              ________      ________      ________      ________      ________
 IMPR               0             0             0             0             0
 WARM               0             0             0             0             0
 COMP               0             0             0             0             0
 D0_S1              0             0             0             0             0


           LAMBDA
              IMPR          WARM          COMP          D0_S1
              ________      ________      ________      ________
 IMPR               0             0             0             0
 WARM               0             0             0             0
 COMP               0             0             0             0
 D0_S1              0             0             0             0


           THETA
              IMPR          WARM          COMP          D0_S1
              ________      ________      ________      ________
 IMPR               0
 WARM               0             0
 COMP               0             0             0
 D0_S1              0             0             0             0


           ALPHA
              II            IW            IC            WI            WW
              ________      ________      ________      ________      ________
                   12            13            14            15            16


           ALPHA
              WC            CI            CW            CC            ISV
              ________      ________      ________      ________      ________
                   17            18            19            20            21


           ALPHA
              WSV           CSV           IINT          WINT          CINT
              ________      ________      ________      ________      ________
                   22            23            24            25            26


           ALPHA
              IMPR          WARM          COMP          D0_S1
              ________      ________      ________      ________
                   27            28            29             0


           BETA
              II            IW            IC            WI            WW
              ________      ________      ________      ________      ________
 II                 0             0             0             0             0
 IW                 0             0             0             0             0
 IC                 0             0             0             0             0
 WI                 0             0             0             0             0
 WW                 0             0             0             0             0
 WC                 0             0             0             0             0
 CI                 0             0             0             0             0
 CW                 0             0             0             0             0
 CC                 0             0             0             0             0
 ISV                0             0             0             0             0
 WSV                0             0             0             0             0
 CSV                0             0             0             0             0
 IINT               0             0             0             0             0
 WINT               0             0             0             0             0
 CINT               0             0             0             0             0
 IMPR               0             0             0             0             0
 WARM               0             0             0             0             0
 COMP               0             0             0             0             0
 D0_S1              0             0             0             0             0


           BETA
              WC            CI            CW            CC            ISV
              ________      ________      ________      ________      ________
 II                 0             0             0             0             0
 IW                 0             0             0             0             0
 IC                 0             0             0             0             0
 WI                 0             0             0             0             0
 WW                 0             0             0             0             0
 WC                 0             0             0             0             0
 CI                 0             0             0             0             0
 CW                 0             0             0             0             0
 CC                 0             0             0             0             0
 ISV                0             0             0             0             0
 WSV                0             0             0             0             0
 CSV                0             0             0             0             0
 IINT               0             0             0             0             0
 WINT               0             0             0             0             0
 CINT               0             0             0             0             0
 IMPR               0             0             0             0             0
 WARM               0             0             0             0             0
 COMP               0             0             0             0             0
 D0_S1              0             0             0             0             0


           BETA
              WSV           CSV           IINT          WINT          CINT
              ________      ________      ________      ________      ________
 II                 0             0             0             0             0
 IW                 0             0             0             0             0
 IC                 0             0             0             0             0
 WI                 0             0             0             0             0
 WW                 0             0             0             0             0
 WC                 0             0             0             0             0
 CI                 0             0             0             0             0
 CW                 0             0             0             0             0
 CC                 0             0             0             0             0
 ISV                0             0             0             0             0
 WSV                0             0             0             0             0
 CSV                0             0             0             0             0
 IINT               0             0             0             0             0
 WINT               0             0             0             0             0
 CINT               0             0             0             0             0
 IMPR               0             0             0             0             0
 WARM               0             0             0             0             0
 COMP               0             0             0             0             0
 D0_S1              0             0             0             0             0


           BETA
              IMPR          WARM          COMP          D0_S1
              ________      ________      ________      ________
 II                 0             0             0            30
 IW                 0             0             0            31
 IC                 0             0             0            32
 WI                 0             0             0            33
 WW                 0             0             0            34
 WC                 0             0             0            35
 CI                 0             0             0            36
 CW                 0             0             0            37
 CC                 0             0             0            38
 ISV                0             0             0            39
 WSV                0             0             0            40
 CSV                0             0             0            41
 IINT               0             0             0            42
 WINT               0             0             0            43
 CINT               0             0             0            44
 IMPR               0             0             0            45
 WARM               0             0             0            46
 COMP               0             0             0            47
 D0_S1              0             0             0             0


           PSI
              II            IW            IC            WI            WW
              ________      ________      ________      ________      ________
 II                48
 IW                 0            49
 IC                 0             0            50
 WI                 0             0             0            51
 WW                 0             0             0             0            52
 WC                 0             0             0             0             0
 CI                 0             0             0             0             0
 CW                 0             0             0             0             0
 CC                 0             0             0             0             0
 ISV                0             0             0             0             0
 WSV                0             0             0             0             0
 CSV                0             0             0             0             0
 IINT               0             0             0             0             0
 WINT               0             0             0             0             0
 CINT               0             0             0             0             0
 IMPR               0             0             0             0             0
 WARM               0             0             0             0             0
 COMP               0             0             0             0             0
 D0_S1              0             0             0             0             0


           PSI
              WC            CI            CW            CC            ISV
              ________      ________      ________      ________      ________
 WC                53
 CI                 0            54
 CW                 0             0            55
 CC                 0             0             0            56
 ISV                0             0             0             0            57
 WSV                0             0             0             0             0
 CSV                0             0             0             0             0
 IINT               0             0             0             0             0
 WINT               0             0             0             0             0
 CINT               0             0             0             0             0
 IMPR               0             0             0             0             0
 WARM               0             0             0             0             0
 COMP               0             0             0             0             0
 D0_S1              0             0             0             0             0


           PSI
              WSV           CSV           IINT          WINT          CINT
              ________      ________      ________      ________      ________
 WSV               58
 CSV                0            59
 IINT               0             0            60
 WINT               0             0             0            61
 CINT               0             0             0             0            62
 IMPR               0             0             0             0             0
 WARM               0             0             0             0             0
 COMP               0             0             0             0             0
 D0_S1              0             0             0             0             0


           PSI
              IMPR          WARM          COMP          D0_S1
              ________      ________      ________      ________
 IMPR              63
 WARM              64            65
 COMP              66            67            68
 D0_S1              0             0             0             0


     PARAMETER SPECIFICATION FOR THE ADDITIONAL PARAMETERS


           NEW/ADDITIONAL PARAMETERS
              SIMPR         SWARM         SCOMP         SII           SIW
              ________      ________      ________      ________      ________
                   69            70            71            72            73


           NEW/ADDITIONAL PARAMETERS
              SIC           SWI           SWW           SWC           SCI
              ________      ________      ________      ________      ________
                   74            75            76            77            78


           NEW/ADDITIONAL PARAMETERS
              SCW           SCC           SISV          SWSV          SCSV
              ________      ________      ________      ________      ________
                   79            80            81            82            83


           NEW/ADDITIONAL PARAMETERS
              SIINT         SWINT         SCINT
              ________      ________      ________
                   84            85            86


     STARTING VALUES FOR WITHIN


           NU
              IMPR          WARM          COMP          INTERACT      STATVAL
              ________      ________      ________      ________      ________
                0.000         0.000         0.000         0.000         0.000


           NU
              IMPR&1        WARM&1        COMP&1        INTERACT
              ________      ________      ________      ________
                0.000         0.000         0.000         0.000


           LAMBDA
              IMPR          WARM          COMP          INTERACT      STATVAL
              ________      ________      ________      ________      ________
 IMPR           1.000         0.000         0.000         0.000         0.000
 WARM           0.000         1.000         0.000         0.000         0.000
 COMP           0.000         0.000         1.000         0.000         0.000
 INTERACT       0.000         0.000         0.000         1.000         0.000
 STATVAL        0.000         0.000         0.000         0.000         1.000
 IMPR&1         0.000         0.000         0.000         0.000         0.000
 WARM&1         0.000         0.000         0.000         0.000         0.000
 COMP&1         0.000         0.000         0.000         0.000         0.000
 INTERACT       0.000         0.000         0.000         0.000         0.000


           LAMBDA
              IMPR&1        WARM&1        COMP&1        INTERACT
              ________      ________      ________      ________
 IMPR           0.000         0.000         0.000         0.000
 WARM           0.000         0.000         0.000         0.000
 COMP           0.000         0.000         0.000         0.000
 INTERACT       0.000         0.000         0.000         0.000
 STATVAL        0.000         0.000         0.000         0.000
 IMPR&1         1.000         0.000         0.000         0.000
 WARM&1         0.000         1.000         0.000         0.000
 COMP&1         0.000         0.000         1.000         0.000
 INTERACT       0.000         0.000         0.000         1.000


           THETA
              IMPR          WARM          COMP          INTERACT      STATVAL
              ________      ________      ________      ________      ________
 IMPR           0.000
 WARM           0.000         0.000
 COMP           0.000         0.000         0.000
 INTERACT       0.000         0.000         0.000         0.000
 STATVAL        0.000         0.000         0.000         0.000         0.000
 IMPR&1         0.000         0.000         0.000         0.000         0.000
 WARM&1         0.000         0.000         0.000         0.000         0.000
 COMP&1         0.000         0.000         0.000         0.000         0.000
 INTERACT       0.000         0.000         0.000         0.000         0.000


           THETA
              IMPR&1        WARM&1        COMP&1        INTERACT
              ________      ________      ________      ________
 IMPR&1         0.000
 WARM&1         0.000         0.000
 COMP&1         0.000         0.000         0.000
 INTERACT       0.000         0.000         0.000         0.000


           ALPHA
              IMPR          WARM          COMP          INTERACT      STATVAL
              ________      ________      ________      ________      ________
                0.000         0.000         0.000        -0.029         0.000


           ALPHA
              IMPR&1        WARM&1        COMP&1        INTERACT
              ________      ________      ________      ________
                0.000         0.000         0.000         0.000


           BETA
              IMPR          WARM          COMP          INTERACT      STATVAL
              ________      ________      ________      ________      ________
 IMPR           0.000         0.000         0.000         0.000         0.000
 WARM           0.000         0.000         0.000         0.000         0.000
 COMP           0.000         0.000         0.000         0.000         0.000
 INTERACT       0.000         0.000         0.000         0.000         0.000
 STATVAL        0.000         0.000         0.000         0.000         0.000
 IMPR&1         0.000         0.000         0.000         0.000         0.000
 WARM&1         0.000         0.000         0.000         0.000         0.000
 COMP&1         0.000         0.000         0.000         0.000         0.000
 INTERACT       0.000         0.000         0.000         0.000         0.000


           BETA
              IMPR&1        WARM&1        COMP&1        INTERACT
              ________      ________      ________      ________
 IMPR           0.000         0.000         0.000         0.000
 WARM           0.000         0.000         0.000         0.000
 COMP           0.000         0.000         0.000         0.000
 INTERACT       0.000         0.000         0.000         0.000
 STATVAL        0.000         0.000         0.000         0.000
 IMPR&1         0.000         0.000         0.000         0.000
 WARM&1         0.000         0.000         0.000         0.000
 COMP&1         0.000         0.000         0.000         0.000
 INTERACT       0.000         0.000         0.000         0.000


           PSI
              IMPR          WARM          COMP          INTERACT      STATVAL
              ________      ________      ________      ________      ________
 IMPR           1.958
 WARM           0.000         1.734
 COMP           0.000         0.000         1.796
 INTERACT       0.000         0.000         0.000         0.319
 STATVAL        0.000         0.000         0.000         0.000         0.400
 IMPR&1         0.000         0.000         0.000         0.000         0.000
 WARM&1         0.000         0.000         0.000         0.000         0.000
 COMP&1         0.000         0.000         0.000         0.000         0.000
 INTERACT       0.000         0.000         0.000         0.000         0.000


           PSI
              IMPR&1        WARM&1        COMP&1        INTERACT
              ________      ________      ________      ________
 IMPR&1         1.956
 WARM&1         0.000         1.735
 COMP&1         0.000         0.000         1.796
 INTERACT       0.000         0.000         0.000         0.319


     STARTING VALUES FOR BETWEEN


           NU
              IMPR          WARM          COMP          D0_S1
              ________      ________      ________      ________
                0.000         0.000         0.000         0.000


           LAMBDA
              II            IW            IC            WI            WW
              ________      ________      ________      ________      ________
 IMPR           0.000         0.000         0.000         0.000         0.000
 WARM           0.000         0.000         0.000         0.000         0.000
 COMP           0.000         0.000         0.000         0.000         0.000
 D0_S1          0.000         0.000         0.000         0.000         0.000


           LAMBDA
              WC            CI            CW            CC            ISV
              ________      ________      ________      ________      ________
 IMPR           0.000         0.000         0.000         0.000         0.000
 WARM           0.000         0.000         0.000         0.000         0.000
 COMP           0.000         0.000         0.000         0.000         0.000
 D0_S1          0.000         0.000         0.000         0.000         0.000


           LAMBDA
              WSV           CSV           IINT          WINT          CINT
              ________      ________      ________      ________      ________
 IMPR           0.000         0.000         0.000         0.000         0.000
 WARM           0.000         0.000         0.000         0.000         0.000
 COMP           0.000         0.000         0.000         0.000         0.000
 D0_S1          0.000         0.000         0.000         0.000         0.000


           LAMBDA
              IMPR          WARM          COMP          D0_S1
              ________      ________      ________      ________
 IMPR           1.000         0.000         0.000         0.000
 WARM           0.000         1.000         0.000         0.000
 COMP           0.000         0.000         1.000         0.000
 D0_S1          0.000         0.000         0.000         1.000


           THETA
              IMPR          WARM          COMP          D0_S1
              ________      ________      ________      ________
 IMPR           0.000
 WARM           0.000         0.000
 COMP           0.000         0.000         0.000
 D0_S1          0.000         0.000         0.000         0.000


           ALPHA
              II            IW            IC            WI            WW
              ________      ________      ________      ________      ________
                0.000         0.000         0.000         0.000         0.000


           ALPHA
              WC            CI            CW            CC            ISV
              ________      ________      ________      ________      ________
                0.000         0.000         0.000         0.000         0.000


           ALPHA
              WSV           CSV           IINT          WINT          CINT
              ________      ________      ________      ________      ________
                0.000         0.000         0.000         0.000         0.000


           ALPHA
              IMPR          WARM          COMP          D0_S1
              ________      ________      ________      ________
               -0.020         0.034        -0.097         0.000


           BETA
              II            IW            IC            WI            WW
              ________      ________      ________      ________      ________
 II             0.000         0.000         0.000         0.000         0.000
 IW             0.000         0.000         0.000         0.000         0.000
 IC             0.000         0.000         0.000         0.000         0.000
 WI             0.000         0.000         0.000         0.000         0.000
 WW             0.000         0.000         0.000         0.000         0.000
 WC             0.000         0.000         0.000         0.000         0.000
 CI             0.000         0.000         0.000         0.000         0.000
 CW             0.000         0.000         0.000         0.000         0.000
 CC             0.000         0.000         0.000         0.000         0.000
 ISV            0.000         0.000         0.000         0.000         0.000
 WSV            0.000         0.000         0.000         0.000         0.000
 CSV            0.000         0.000         0.000         0.000         0.000
 IINT           0.000         0.000         0.000         0.000         0.000
 WINT           0.000         0.000         0.000         0.000         0.000
 CINT           0.000         0.000         0.000         0.000         0.000
 IMPR           0.000         0.000         0.000         0.000         0.000
 WARM           0.000         0.000         0.000         0.000         0.000
 COMP           0.000         0.000         0.000         0.000         0.000
 D0_S1          0.000         0.000         0.000         0.000         0.000


           BETA
              WC            CI            CW            CC            ISV
              ________      ________      ________      ________      ________
 II             0.000         0.000         0.000         0.000         0.000
 IW             0.000         0.000         0.000         0.000         0.000
 IC             0.000         0.000         0.000         0.000         0.000
 WI             0.000         0.000         0.000         0.000         0.000
 WW             0.000         0.000         0.000         0.000         0.000
 WC             0.000         0.000         0.000         0.000         0.000
 CI             0.000         0.000         0.000         0.000         0.000
 CW             0.000         0.000         0.000         0.000         0.000
 CC             0.000         0.000         0.000         0.000         0.000
 ISV            0.000         0.000         0.000         0.000         0.000
 WSV            0.000         0.000         0.000         0.000         0.000
 CSV            0.000         0.000         0.000         0.000         0.000
 IINT           0.000         0.000         0.000         0.000         0.000
 WINT           0.000         0.000         0.000         0.000         0.000
 CINT           0.000         0.000         0.000         0.000         0.000
 IMPR           0.000         0.000         0.000         0.000         0.000
 WARM           0.000         0.000         0.000         0.000         0.000
 COMP           0.000         0.000         0.000         0.000         0.000
 D0_S1          0.000         0.000         0.000         0.000         0.000


           BETA
              WSV           CSV           IINT          WINT          CINT
              ________      ________      ________      ________      ________
 II             0.000         0.000         0.000         0.000         0.000
 IW             0.000         0.000         0.000         0.000         0.000
 IC             0.000         0.000         0.000         0.000         0.000
 WI             0.000         0.000         0.000         0.000         0.000
 WW             0.000         0.000         0.000         0.000         0.000
 WC             0.000         0.000         0.000         0.000         0.000
 CI             0.000         0.000         0.000         0.000         0.000
 CW             0.000         0.000         0.000         0.000         0.000
 CC             0.000         0.000         0.000         0.000         0.000
 ISV            0.000         0.000         0.000         0.000         0.000
 WSV            0.000         0.000         0.000         0.000         0.000
 CSV            0.000         0.000         0.000         0.000         0.000
 IINT           0.000         0.000         0.000         0.000         0.000
 WINT           0.000         0.000         0.000         0.000         0.000
 CINT           0.000         0.000         0.000         0.000         0.000
 IMPR           0.000         0.000         0.000         0.000         0.000
 WARM           0.000         0.000         0.000         0.000         0.000
 COMP           0.000         0.000         0.000         0.000         0.000
 D0_S1          0.000         0.000         0.000         0.000         0.000


           BETA
              IMPR          WARM          COMP          D0_S1
              ________      ________      ________      ________
 II             0.000         0.000         0.000         0.000
 IW             0.000         0.000         0.000         0.000
 IC             0.000         0.000         0.000         0.000
 WI             0.000         0.000         0.000         0.000
 WW             0.000         0.000         0.000         0.000
 WC             0.000         0.000         0.000         0.000
 CI             0.000         0.000         0.000         0.000
 CW             0.000         0.000         0.000         0.000
 CC             0.000         0.000         0.000         0.000
 ISV            0.000         0.000         0.000         0.000
 WSV            0.000         0.000         0.000         0.000
 CSV            0.000         0.000         0.000         0.000
 IINT           0.000         0.000         0.000         0.000
 WINT           0.000         0.000         0.000         0.000
 CINT           0.000         0.000         0.000         0.000
 IMPR           0.000         0.000         0.000         0.000
 WARM           0.000         0.000         0.000         0.000
 COMP           0.000         0.000         0.000         0.000
 D0_S1          0.000         0.000         0.000         0.000


           PSI
              II            IW            IC            WI            WW
              ________      ________      ________      ________      ________
 II             1.000
 IW             0.000         1.000
 IC             0.000         0.000         1.000
 WI             0.000         0.000         0.000         1.000
 WW             0.000         0.000         0.000         0.000         1.000
 WC             0.000         0.000         0.000         0.000         0.000
 CI             0.000         0.000         0.000         0.000         0.000
 CW             0.000         0.000         0.000         0.000         0.000
 CC             0.000         0.000         0.000         0.000         0.000
 ISV            0.000         0.000         0.000         0.000         0.000
 WSV            0.000         0.000         0.000         0.000         0.000
 CSV            0.000         0.000         0.000         0.000         0.000
 IINT           0.000         0.000         0.000         0.000         0.000
 WINT           0.000         0.000         0.000         0.000         0.000
 CINT           0.000         0.000         0.000         0.000         0.000
 IMPR           0.000         0.000         0.000         0.000         0.000
 WARM           0.000         0.000         0.000         0.000         0.000
 COMP           0.000         0.000         0.000         0.000         0.000
 D0_S1          0.000         0.000         0.000         0.000         0.000


           PSI
              WC            CI            CW            CC            ISV
              ________      ________      ________      ________      ________
 WC             1.000
 CI             0.000         1.000
 CW             0.000         0.000         1.000
 CC             0.000         0.000         0.000         1.000
 ISV            0.000         0.000         0.000         0.000         1.000
 WSV            0.000         0.000         0.000         0.000         0.000
 CSV            0.000         0.000         0.000         0.000         0.000
 IINT           0.000         0.000         0.000         0.000         0.000
 WINT           0.000         0.000         0.000         0.000         0.000
 CINT           0.000         0.000         0.000         0.000         0.000
 IMPR           0.000         0.000         0.000         0.000         0.000
 WARM           0.000         0.000         0.000         0.000         0.000
 COMP           0.000         0.000         0.000         0.000         0.000
 D0_S1          0.000         0.000         0.000         0.000         0.000


           PSI
              WSV           CSV           IINT          WINT          CINT
              ________      ________      ________      ________      ________
 WSV            1.000
 CSV            0.000         1.000
 IINT           0.000         0.000         1.000
 WINT           0.000         0.000         0.000         1.000
 CINT           0.000         0.000         0.000         0.000         1.000
 IMPR           0.000         0.000         0.000         0.000         0.000
 WARM           0.000         0.000         0.000         0.000         0.000
 COMP           0.000         0.000         0.000         0.000         0.000
 D0_S1          0.000         0.000         0.000         0.000         0.000


           PSI
              IMPR          WARM          COMP          D0_S1
              ________      ________      ________      ________
 IMPR           1.958
 WARM           0.000         1.734
 COMP           0.000         0.000         1.796
 D0_S1          0.000         0.000         0.000         0.125


     STARTING VALUES FOR THE ADDITIONAL PARAMETERS


           NEW/ADDITIONAL PARAMETERS
              SIMPR         SWARM         SCOMP         SII           SIW
              ________      ________      ________      ________      ________
                0.500         0.500         0.500         0.500         0.500


           NEW/ADDITIONAL PARAMETERS
              SIC           SWI           SWW           SWC           SCI
              ________      ________      ________      ________      ________
                0.500         0.500         0.500         0.500         0.500


           NEW/ADDITIONAL PARAMETERS
              SCW           SCC           SISV          SWSV          SCSV
              ________      ________      ________      ________      ________
                0.500         0.500         0.500         0.500         0.500


           NEW/ADDITIONAL PARAMETERS
              SIINT         SWINT         SCINT
              ________      ________      ________
                0.500         0.500         0.500



     PRIORS FOR ALL PARAMETERS            PRIOR MEAN      PRIOR VARIANCE     PRIOR STD. DEV.

     Parameter 1~N(0.000,infinity)           0.0000            infinity            infinity
     Parameter 2~IW(0.000,-5)              infinity            infinity            infinity
     Parameter 3~IW(0.000,-5)              infinity            infinity            infinity
     Parameter 4~IW(0.000,-5)              infinity            infinity            infinity
     Parameter 5~IW(0.000,-5)              infinity            infinity            infinity
     Parameter 6~IW(0.000,-5)              infinity            infinity            infinity
     Parameter 7~IW(0.000,-5)              infinity            infinity            infinity
     Parameter 8~IW(0.000,-5)              infinity            infinity            infinity
     Parameter 9~IW(0.000,-5)              infinity            infinity            infinity
     Parameter 10~IW(0.000,-5)             infinity            infinity            infinity
     Parameter 11~IW(0.000,-5)             infinity            infinity            infinity
     Parameter 12~N(0.000,infinity)          0.0000            infinity            infinity
     Parameter 13~N(0.000,infinity)          0.0000            infinity            infinity
     Parameter 14~N(0.000,infinity)          0.0000            infinity            infinity
     Parameter 15~N(0.000,infinity)          0.0000            infinity            infinity
     Parameter 16~N(0.000,infinity)          0.0000            infinity            infinity
     Parameter 17~N(0.000,infinity)          0.0000            infinity            infinity
     Parameter 18~N(0.000,infinity)          0.0000            infinity            infinity
     Parameter 19~N(0.000,infinity)          0.0000            infinity            infinity
     Parameter 20~N(0.000,infinity)          0.0000            infinity            infinity
     Parameter 21~N(0.000,infinity)          0.0000            infinity            infinity
     Parameter 22~N(0.000,infinity)          0.0000            infinity            infinity
     Parameter 23~N(0.000,infinity)          0.0000            infinity            infinity
     Parameter 24~N(0.000,infinity)          0.0000            infinity            infinity
     Parameter 25~N(0.000,infinity)          0.0000            infinity            infinity
     Parameter 26~N(0.000,infinity)          0.0000            infinity            infinity
     Parameter 27~N(0.000,infinity)          0.0000            infinity            infinity
     Parameter 28~N(0.000,infinity)          0.0000            infinity            infinity
     Parameter 29~N(0.000,infinity)          0.0000            infinity            infinity
     Parameter 30~N(0.000,infinity)          0.0000            infinity            infinity
     Parameter 31~N(0.000,infinity)          0.0000            infinity            infinity
     Parameter 32~N(0.000,infinity)          0.0000            infinity            infinity
     Parameter 33~N(0.000,infinity)          0.0000            infinity            infinity
     Parameter 34~N(0.000,infinity)          0.0000            infinity            infinity
     Parameter 35~N(0.000,infinity)          0.0000            infinity            infinity
     Parameter 36~N(0.000,infinity)          0.0000            infinity            infinity
     Parameter 37~N(0.000,infinity)          0.0000            infinity            infinity
     Parameter 38~N(0.000,infinity)          0.0000            infinity            infinity
     Parameter 39~N(0.000,infinity)          0.0000            infinity            infinity
     Parameter 40~N(0.000,infinity)          0.0000            infinity            infinity
     Parameter 41~N(0.000,infinity)          0.0000            infinity            infinity
     Parameter 42~N(0.000,infinity)          0.0000            infinity            infinity
     Parameter 43~N(0.000,infinity)          0.0000            infinity            infinity
     Parameter 44~N(0.000,infinity)          0.0000            infinity            infinity
     Parameter 45~N(0.000,infinity)          0.0000            infinity            infinity
     Parameter 46~N(0.000,infinity)          0.0000            infinity            infinity
     Parameter 47~N(0.000,infinity)          0.0000            infinity            infinity
     Parameter 48~IG(-1.000,0.000)         infinity            infinity            infinity
     Parameter 49~IG(-1.000,0.000)         infinity            infinity            infinity
     Parameter 50~IG(-1.000,0.000)         infinity            infinity            infinity
     Parameter 51~IG(-1.000,0.000)         infinity            infinity            infinity
     Parameter 52~IG(-1.000,0.000)         infinity            infinity            infinity
     Parameter 53~IG(-1.000,0.000)         infinity            infinity            infinity
     Parameter 54~IG(-1.000,0.000)         infinity            infinity            infinity
     Parameter 55~IG(-1.000,0.000)         infinity            infinity            infinity
     Parameter 56~IG(-1.000,0.000)         infinity            infinity            infinity
     Parameter 57~IG(-1.000,0.000)         infinity            infinity            infinity
     Parameter 58~IG(-1.000,0.000)         infinity            infinity            infinity
     Parameter 59~IG(-1.000,0.000)         infinity            infinity            infinity
     Parameter 60~IG(-1.000,0.000)         infinity            infinity            infinity
     Parameter 61~IG(-1.000,0.000)         infinity            infinity            infinity
     Parameter 62~IG(-1.000,0.000)         infinity            infinity            infinity
     Parameter 63~IW(0.000,-4)             infinity            infinity            infinity
     Parameter 64~IW(0.000,-4)             infinity            infinity            infinity
     Parameter 65~IW(0.000,-4)             infinity            infinity            infinity
     Parameter 66~IW(0.000,-4)             infinity            infinity            infinity
     Parameter 67~IW(0.000,-4)             infinity            infinity            infinity
     Parameter 68~IW(0.000,-4)             infinity            infinity            infinity


TECHNICAL 8 OUTPUT



     Kolmogorov-Smirnov comparing posterior distributions across chains 1 and 2 using 100 draws.





     Parameter   KS Statistic P-value
     Parameter 66    0.1400    0.2606
     Parameter 68    0.1400    0.2606
     Parameter 64    0.1200    0.4431
     Parameter 67    0.1200    0.4431
     Parameter 38    0.1200    0.4431
     Parameter 63    0.1100    0.5560
     Parameter 65    0.1100    0.5560
     Parameter 83    0.1000    0.6766
     Parameter 28    0.1000    0.6766
     Parameter 58    0.0900    0.7942
     Parameter 21    0.0900    0.7942
     Parameter 81    0.0800    0.8938
     Parameter 45    0.0800    0.8938
     Parameter 47    0.0800    0.8938
     Parameter 40    0.0700    0.9610
     Parameter 82    0.0700    0.9610
     Parameter 22    0.0700    0.9610
     Parameter 57    0.0700    0.9610
     Parameter 29    0.0700    0.9610
     Parameter 59    0.0700    0.9610
     Parameter 70    0.0700    0.9610
     Parameter 39    0.0700    0.9610
     Parameter 42    0.0700    0.9610
     Parameter 23    0.0700    0.9610
     Parameter 69    0.0600    0.9921
     Parameter 80    0.0600    0.9921
     Parameter 27    0.0600    0.9921
     Parameter 71    0.0600    0.9921
     Parameter 41    0.0500    0.9995
     Parameter 37    0.0500    0.9995
     Parameter 79    0.0500    0.9995
     Parameter 46    0.0500    0.9995
     Parameter 12    0.0500    0.9995
     Parameter 30    0.0500    0.9995
     Parameter 16    0.0400    1.0000
     Parameter 14    0.0400    1.0000
     Parameter 44    0.0400    1.0000
     Parameter 35    0.0400    1.0000
     Parameter 20    0.0400    1.0000
     Parameter 34    0.0300    1.0000
     Parameter 31    0.0300    1.0000
     Parameter 32    0.0300    1.0000
     Parameter 33    0.0200    1.0000
     Parameter 36    0.0200    1.0000
     Parameter 74    0.0200    1.0000
     Parameter 76    0.0200    1.0000
     Parameter 72    0.0200    1.0000
     Parameter 15    0.0200    1.0000
     Parameter 77    0.0200    1.0000
     Parameter 24    0.0200    1.0000
     Parameter 13    0.0200    1.0000
     Parameter 17    0.0200    1.0000
     Parameter 43    0.0100    1.0000
     Parameter 1    0.0100    1.0000
     Parameter 73    0.0100    1.0000
     Parameter 85    0.0100    1.0000
     Parameter 75    0.0100    1.0000
     Parameter 84    0.0100    1.0000
     Parameter 19    0.0100    1.0000
     Parameter 25    0.0100    1.0000
     Parameter 86    0.0100    1.0000
     Parameter 26    0.0100    1.0000
     Parameter 78    0.0100    1.0000
     Parameter 7    0.0100    1.0000
     Parameter 18    0.0000    1.0000
     Parameter 10    0.0000    1.0000
     Parameter 8    0.0000    1.0000
     Parameter 52    0.0000    1.0000
     Parameter 2    0.0000    1.0000
     Parameter 53    0.0000    1.0000
     Parameter 48    0.0000    1.0000
     Parameter 51    0.0000    1.0000
     Parameter 4    0.0000    1.0000
     Parameter 9    0.0000    1.0000
     Parameter 55    0.0000    1.0000
     Parameter 60    0.0000    1.0000
     Parameter 50    0.0000    1.0000
     Parameter 62    0.0000    1.0000
     Parameter 3    0.0000    1.0000
     Parameter 11    0.0000    1.0000
     Parameter 61    0.0000    1.0000
     Parameter 6    0.0000    1.0000
     Parameter 49    0.0000    1.0000
     Parameter 56    0.0000    1.0000
     Parameter 5    0.0000    1.0000
     Parameter 54    0.0000    1.0000



     Simulated prior distributions

     Parameter       Prior Mean  Prior Variance  Prior Std. Dev.


     Parameter 1 Improper Prior
     Parameter 2 Improper Prior
     Parameter 3 Improper Prior
     Parameter 4 Improper Prior
     Parameter 5 Improper Prior
     Parameter 6 Improper Prior
     Parameter 7 Improper Prior
     Parameter 8 Improper Prior
     Parameter 9 Improper Prior
     Parameter 10 Improper Prior
     Parameter 11 Improper Prior
     Parameter 12 Improper Prior
     Parameter 13 Improper Prior
     Parameter 14 Improper Prior
     Parameter 15 Improper Prior
     Parameter 16 Improper Prior
     Parameter 17 Improper Prior
     Parameter 18 Improper Prior
     Parameter 19 Improper Prior
     Parameter 20 Improper Prior
     Parameter 21 Improper Prior
     Parameter 22 Improper Prior
     Parameter 23 Improper Prior
     Parameter 24 Improper Prior
     Parameter 25 Improper Prior
     Parameter 26 Improper Prior
     Parameter 27 Improper Prior
     Parameter 28 Improper Prior
     Parameter 29 Improper Prior
     Parameter 30 Improper Prior
     Parameter 31 Improper Prior
     Parameter 32 Improper Prior
     Parameter 33 Improper Prior
     Parameter 34 Improper Prior
     Parameter 35 Improper Prior
     Parameter 36 Improper Prior
     Parameter 37 Improper Prior
     Parameter 38 Improper Prior
     Parameter 39 Improper Prior
     Parameter 40 Improper Prior
     Parameter 41 Improper Prior
     Parameter 42 Improper Prior
     Parameter 43 Improper Prior
     Parameter 44 Improper Prior
     Parameter 45 Improper Prior
     Parameter 46 Improper Prior
     Parameter 47 Improper Prior
     Parameter 48 Improper Prior
     Parameter 49 Improper Prior
     Parameter 50 Improper Prior
     Parameter 51 Improper Prior
     Parameter 52 Improper Prior
     Parameter 53 Improper Prior
     Parameter 54 Improper Prior
     Parameter 55 Improper Prior
     Parameter 56 Improper Prior
     Parameter 57 Improper Prior
     Parameter 58 Improper Prior
     Parameter 59 Improper Prior
     Parameter 60 Improper Prior
     Parameter 61 Improper Prior
     Parameter 62 Improper Prior
     Parameter 63 Improper Prior
     Parameter 64 Improper Prior
     Parameter 65 Improper Prior
     Parameter 66 Improper Prior
     Parameter 67 Improper Prior
     Parameter 68 Improper Prior
     Parameter 69 Improper Prior
     Parameter 70 Improper Prior
     Parameter 71 Improper Prior
     Parameter 72 Improper Prior
     Parameter 73 Improper Prior
     Parameter 74 Improper Prior
     Parameter 75 Improper Prior
     Parameter 76 Improper Prior
     Parameter 77 Improper Prior
     Parameter 78 Improper Prior
     Parameter 79 Improper Prior
     Parameter 80 Improper Prior
     Parameter 81 Improper Prior
     Parameter 82 Improper Prior
     Parameter 83 Improper Prior
     Parameter 84 Improper Prior
     Parameter 85 Improper Prior
     Parameter 86 Improper Prior


   TECHNICAL 8 OUTPUT FOR BAYES ESTIMATION

     CHAIN    BSEED
     1        0
     2        285380

                     POTENTIAL       PARAMETER WITH
     ITERATION    SCALE REDUCTION      HIGHEST PSR
     100              2.790               24
     200              1.230               32
     300              2.018               26
     400              1.322               44
     500              1.134               44
     600              1.199               25
     700              1.254               15
     800              1.119               17
     900              1.130               17
     1000             1.151               42
     1100             1.159               42
     1200             1.053               42
     1300             1.081               42
     1400             1.139               43
     1500             1.196               43
     1600             1.197               43
     1700             1.159               43
     1800             1.183               42
     1900             1.189               42
     2000             1.156               42
     2100             1.145               42
     2200             1.080               43
     2300             1.097               42
     2400             1.115               42
     2500             1.106               43
     2600             1.051               43
     2700             1.024               15
     2800             1.018               15
     2900             1.010               42
     3000             1.011               24
     3100             1.006               24
     3200             1.016               42
     3300             1.017               24
     3400             1.019               24
     3500             1.011               17
     3600             1.011               19
     3700             1.022               24
     3800             1.025               24
     3900             1.023               24
     4000             1.021               24
     4100             1.009               19
     4200             1.007               19
     4300             1.006               15
     4400             1.006               24
     4500             1.008               26
     4600             1.010               26
     4700             1.008               26
     4800             1.004               43
     4900             1.010               43
     5000             1.012               43
     5100             1.013               43
     5200             1.013               19
     5300             1.012               43
     5400             1.012               43
     5500             1.015               43
     5600             1.013               43
     5700             1.019               43
     5800             1.025               43
     5900             1.021               43
     6000             1.010               43
     6100             1.008               43
     6200             1.008               19
     6300             1.012               43
     6400             1.018               43
     6500             1.017               24
     6600             1.019               24
     6700             1.018               24
     6800             1.018               44
     6900             1.012               24
     7000             1.009               24
     7100             1.008               24
     7200             1.013               24
     7300             1.023               24
     7400             1.035               24
     7500             1.038               24
     7600             1.043               26
     7700             1.045               26
     7800             1.036               26
     7900             1.032               26
     8000             1.029               26
     8100             1.023               26
     8200             1.021               24
     8300             1.022               24
     8400             1.019               24
     8500             1.020               24
     8600             1.017               24
     8700             1.014               24
     8800             1.010               24
     8900             1.008               24
     9000             1.009               24
     9100             1.012               24
     9200             1.010               24
     9300             1.006               26
     9400             1.005               18
     9500             1.005               18
     9600             1.005               19
     9700             1.004               19
     9800             1.004               19
     9900             1.003               19
     10000            1.004               26


DIAGRAM INFORMATION

  Mplus diagrams are currently not available for multilevel analysis.
  No diagram output was produced.


     Beginning Time:  15:13:29
        Ending Time:  16:32:27
       Elapsed Time:  01:18:58



MUTHEN & MUTHEN
3463 Stoner Ave.
Los Angeles, CA  90066

Tel: (310) 391-9971
Fax: (310) 391-8971
Web: www.StatModel.com
Support: Support@StatModel.com

Copyright (c) 1998-2017 Muthen & Muthen
