Mplus VERSION 8.4 (Mac)
MUTHEN & MUTHEN
04/27/2020   7:46 AM

INPUT INSTRUCTIONS

  Title:
  Mplus file written by Stat/Transfer

  Data:
     File is new_data.csv;

  Variable:
     Names are     ID          T           D0_S1       IMPR        WARM        COMP
       STATVAL     STATNUM     ITEMTYPE    ITEMNUM     MEANVAL1    MEANVAL2  LSTATVAL
       Dummy1 Dummy2 Dummy3 LDummy1 LDummy2 LDummy3 interact;

  ! LSTATVAL is the first-lag of statval
  ! Dummy 1-3 are statval dummy coded and LDummy 1-3 are the first-lag of these
  ! interact is statval(t)*statval(t+1) so we use the lag&1 here for it

     Missing are . ;
    CLUSTER = ID;
    LAGGED = IMPR(1) WARM(1) COMP(1) interact(1);
    BETWEEN = D0_S1;
    WITHIN = STATVAL interact;
    Usevariables are D0_S1 IMPR WARM COMP STATVAL interact;

  Analysis:
    TYPE = random twolevel ! CROSSCLASSIFIED;
    ;
    ESTIMATOR = BAYES;
    PROCESSORS = 2;
    THIN = 2;
    FBITERATIONS = 10000;

  Model:
  %Within%
  II | IMPR on IMPR&1;
  IW | IMPR on WARM&1;
  IC | IMPR on COMP&1;
  WI | WARM on IMPR&1;
  WW | WARM on WARM&1;
  WC | WARM on COMP&1;
  CI | COMP on IMPR&1;
  CW | COMP on WARM&1;
  CC | COMP on COMP&1;
  ISV | IMPR on STATVAL;
  WSV | WARM on STATVAL;
  CSV | COMP on STATVAL;
  IINT | IMPR on INTERACT&1;
  WINT | WARM on INTERACT&1;
  CINT | COMP on INTERACT&1;
  interact on interact&1@0;


  %Between%
  IMPR ON d0_s1 (b0IMPR);
  WARM ON d0_s1 (b0WARM);
  COMP ON d0_s1 (b0COMP);
  II ON d0_s1 (b0II);
  IW ON d0_s1 (b0IW);
  IC ON d0_s1 (b0IC);
  WI ON d0_s1 (b0WI);
  WW ON d0_s1 (b0WW);
  WC ON d0_s1 (b0WC);
  CI ON d0_s1 (b0CI);
  CW ON d0_s1 (b0CW);
  CC ON d0_s1 (b0CC);
  ISV ON d0_s1 (b0ISV);
  WSV ON d0_s1 (b0WSV);
  CSV ON d0_s1 (b0CSV);
  IINT ON d0_s1 (b0IINT);
  WINT ON d0_s1 (b0WINT);
  CINT ON d0_s1 (b0CINT);


  [IMPR] (dIMPR); [WARM] (dWARM); [COMP] (dCOMP); [II] (dII); [IW] (dIW);
  [IC] (dIC); [WI] (dWI); [WW] (dWW); [WC] (dWC); [CI] (dCI); [CW] (dCW);
  [CC] (dCC); [ISV] (dISV); [WSV] (dWSV); [CSV] (dCSV);
  [IINT] (dIINT); [WINT] (dWINT); [CINT] (dCINT);

  MODEL CONSTRAINT:
  New (sIMPR sWARM sCOMP sII sIW sIC sWI sWW sWC sCI sCW sCC sISV sWSV sCSV
  sIINT sWINT sCINT);

  sIMPR=dIMPR+b0IMPR;
  sWARM=dWARM+b0WARM;
  sCOMP=dCOMP+b0COMP;
  sII=dII+b0II;
  sIW=dIW+b0IW;
  sIC=dIC+b0IC;
  sWI=dWI+b0WI;
  sWW=dWW+b0WW;
  sWC=dWC+b0WC;
  sCI=dCI+b0CI;
  sCW=dCW+b0CW;
  sCC=dCC+b0CC;
  sISV=dISV+b0ISV;
  sWSV=dWSV+b0WSV;
  sCSV=dCSV+b0CSV;
  sIINT=dIINT+b0IINT;
  sWINT=dWINT+b0WINT;
  sCINT=dCINT+b0CINT;


  Output: tech1 tech8 stdyx stdy;



*** WARNING in VARIABLE command
  Note that only the first 8 characters of variable names are used in the output.
  Shorten variable names to avoid any confusion.
*** WARNING
  One or more individual-level variables have no variation within a
  cluster for the following clusters.

     Variable   Cluster IDs with no within-cluster variation

      IMPR        109
      WARM        109
      COMP        109
      IMPR&1      109
      WARM&1      109
      COMP&1      109

   2 WARNING(S) FOUND IN THE INPUT INSTRUCTIONS




Mplus file written by Stat/Transfer

SUMMARY OF ANALYSIS

Number of groups                                                 1
Number of observations                                        8760

Number of dependent variables                                    4
Number of independent variables                                  6
Number of continuous latent variables                           15

Observed dependent variables

  Continuous
   IMPR        WARM        COMP        INTERACT

Observed independent variables
   D0_S1       STATVAL     IMPR&1      WARM&1      COMP&1      INTERACT

Continuous latent variables
   II          IW          IC          WI          WW          WC
   CI          CW          CC          ISV         WSV         CSV
   IINT        WINT        CINT

Variables with special functions

  Cluster variable      ID

  Within variables
   STATVAL     INTERACT    IMPR&1      WARM&1      COMP&1      INTERACT

  Between variables
   D0_S1


Estimator                                                    BAYES
Specifications for Bayesian Estimation
  Point estimate                                            MEDIAN
  Number of Markov chain Monte Carlo (MCMC) chains               2
  Random seed for the first chain                                0
  Starting value information                           UNPERTURBED
  Algorithm used for Markov chain Monte Carlo           GIBBS(PX1)
  Fixed number of iterations                                 10000
  K-th iteration used for thinning                               2

Input data file(s)
  new_data.csv
Input data format  FREE


SUMMARY OF DATA

     Number of clusters                        219

       Size (s)    Cluster ID with Size s

         40        1 2 3 4 5 6 7 8 9 10 11 12 13 14 15 16 17 18 19 20 21
                   22 23 24 25 26 27 28 29 30 31 32 33 34 35 36 37 38 39
                   40 41 42 43 44 45 46 47 48 49 50 51 52 53 54 55 56 57
                   58 59 60 61 62 63 64 65 66 67 68 69 70 71 72 73 74 75
                   76 77 78 79 80 81 82 83 84 85 86 87 88 89 90 91 92 93
                   94 95 96 97 98 99 100 101 102 103 104 105 106 107 108
                   109 110 111 112 113 114 115 116 117 118 119 120 121
                   122 123 124 125 126 127 128 129 130 131 132 133 134
                   135 136 137 138 139 140 141 142 143 144 145 146 147
                   148 149 150 151 152 153 154 155 156 157 158 159 160
                   161 162 163 164 165 166 167 168 169 170 171 172 173
                   174 175 176 177 178 179 180 181 182 183 184 185 186
                   187 188 189 190 191 192 193 194 195 196 197 198 199
                   200 201 202 203 204 205 206 207 208 209 210 211 212
                   213 214 215 216 217 218 219



COVARIANCE COVERAGE OF DATA

Minimum covariance coverage value   0.100

     Number of missing data patterns             5


     PROPORTION OF DATA PRESENT


           Covariance Coverage
              IMPR          WARM          COMP          INTERACT      STATVAL
              ________      ________      ________      ________      ________
 IMPR           1.000
 WARM           1.000         1.000
 COMP           1.000         1.000         1.000
 INTERACT       1.000         1.000         1.000         1.000
 STATVAL        1.000         1.000         1.000         1.000         1.000
 D0_S1          1.000         1.000         1.000         1.000         1.000


           Covariance Coverage
              D0_S1
              ________
 D0_S1          1.000



UNIVARIATE SAMPLE STATISTICS


     UNIVARIATE HIGHER-ORDER MOMENT DESCRIPTIVE STATISTICS

         Variable/         Mean/     Skewness/   Minimum/ % with                Percentiles
        Sample Size      Variance    Kurtosis    Maximum  Min/Max      20%/60%    40%/80%    Median

     IMPR                  0.130      -0.124      -3.000    6.70%      -2.000     -0.080      0.030
            8760.000       3.755      -1.200       3.000    9.43%       0.900      2.090
     WARM                  0.113      -0.145      -3.000    6.12%      -1.740     -0.010      0.030
            8759.000       3.233      -0.956       3.000    7.12%       0.600      1.960
     COMP                  0.105      -0.165      -7.000    0.01%      -1.720     -0.010      0.030
            8759.000       3.210      -0.904       7.000    0.01%       0.590      1.940
     INTERACT             -0.020       0.035      -1.000   32.86%      -1.000      0.000      0.000
            8759.000       0.637      -1.430       1.000   30.91%       0.000      1.000
     STATVAL               0.000       0.000      -1.000   40.00%      -1.000     -1.000      0.000
            8760.000       0.800      -1.750       1.000   40.00%       0.000      1.000
     D0_S1                 0.493       0.027       0.000   50.68%       0.000      0.000      0.000
             219.000       0.250      -1.999       1.000   49.32%       1.000      1.000


     WARNING: PROBLEMS OCCURRED IN SEVERAL ITERATIONS IN THE COMPUTATION OF THE STANDARDIZED ESTIMATES FOR SEVERAL
     CLUSTERS. THIS IS MOST LIKELY DUE TO AR COEFFICIENTS GREATER THAN 1 OR PARAMETERS GIVING NON-STATIONARY MODELS.
     SUCH POSTERIOR DRAWS ARE REMOVED. THE FOLLOWING CLUSTERS HAD SUCH PROBLEMS:
          7 8 12 20 24 27 34 38 41 57 67 68 70 71 75 79 82 88 92 94 101 107 109 110 113 116 119 123 126
          128 129 130 131 132 136 137 140 144 146 150 152 153 154 165 166 169 172 173 175 178 179 180
          181 187 192 194 195 196 202 208 209 212 213 214 216

THE MODEL ESTIMATION TERMINATED NORMALLY

     USE THE FBITERATIONS OPTION TO INCREASE THE NUMBER OF ITERATIONS BY A FACTOR
     OF AT LEAST TWO TO CHECK CONVERGENCE AND THAT THE PSR VALUE DOES NOT INCREASE.



MODEL FIT INFORMATION

Number of Free Parameters                              68

Information Criteria

          Deviance (DIC)                        87515.240
          Estimated Number of Parameters (pD)    1982.184



MODEL RESULTS

                                Posterior  One-Tailed         95% C.I.
                    Estimate       S.D.      P-Value   Lower 2.5%  Upper 2.5%  Significance

Within Level

 INTERACT   ON
    INTERACT&1         0.000       0.000      1.000       0.000       0.000

 WARM     WITH
    IMPR               0.576       0.012      0.000       0.552       0.601      *

 COMP     WITH
    IMPR               0.567       0.013      0.000       0.543       0.592      *
    WARM               0.383       0.012      0.000       0.360       0.406      *

 INTERACT WITH
    IMPR               0.007       0.009      0.224      -0.010       0.023
    WARM               0.012       0.009      0.074      -0.004       0.029
    COMP               0.002       0.009      0.402      -0.014       0.019

 Intercepts
    INTERACT          -0.019       0.008      0.011      -0.036      -0.003      *

 Residual Variances
    IMPR               0.932       0.015      0.000       0.904       0.962      *
    WARM               0.925       0.015      0.000       0.897       0.956      *
    COMP               0.953       0.015      0.000       0.923       0.984      *
    INTERACT           0.638       0.009      0.000       0.620       0.657      *

Between Level

 II         ON
    D0_S1              0.096       0.045      0.017       0.008       0.182      *

 IW         ON
    D0_S1              0.007       0.029      0.402      -0.049       0.065

 IC         ON
    D0_S1              0.024       0.026      0.177      -0.028       0.075

 WI         ON
    D0_S1             -0.048       0.030      0.058      -0.106       0.011

 WW         ON
    D0_S1              0.192       0.044      0.000       0.106       0.277      *

 WC         ON
    D0_S1              0.011       0.027      0.335      -0.041       0.064

 CI         ON
    D0_S1              0.023       0.032      0.243      -0.041       0.086

 CW         ON
    D0_S1             -0.061       0.030      0.023      -0.119      -0.001      *

 CC         ON
    D0_S1              0.180       0.044      0.000       0.094       0.266      *

 ISV        ON
    D0_S1             -0.113       0.099      0.126      -0.308       0.082

 WSV        ON
    D0_S1             -0.180       0.093      0.029      -0.363       0.007

 CSV        ON
    D0_S1              0.026       0.093      0.390      -0.153       0.209

 IINT       ON
    D0_S1              0.074       0.027      0.005       0.017       0.121      *

 WINT       ON
    D0_S1              0.075       0.030      0.006       0.016       0.133      *

 CINT       ON
    D0_S1              0.071       0.028      0.007       0.015       0.125      *

 IMPR       ON
    D0_S1             -0.033       0.073      0.322      -0.178       0.107

 WARM       ON
    D0_S1             -0.235       0.077      0.002      -0.391      -0.087      *

 COMP       ON
    D0_S1              0.222       0.068      0.001       0.086       0.354      *

 WARM     WITH
    IMPR               0.213       0.033      0.000       0.157       0.286      *

 COMP     WITH
    IMPR               0.177       0.030      0.000       0.127       0.244      *
    WARM               0.187       0.030      0.000       0.137       0.255      *

 Intercepts
    IMPR               0.188       0.049      0.000       0.093       0.284      *
    WARM               0.269       0.051      0.000       0.170       0.372      *
    COMP               0.023       0.045      0.309      -0.066       0.112
    II                 0.209       0.032      0.000       0.146       0.272      *
    IW                 0.015       0.021      0.225      -0.026       0.056
    IC                 0.028       0.019      0.064      -0.008       0.066
    WI                 0.043       0.022      0.029      -0.001       0.086
    WW                 0.195       0.031      0.000       0.134       0.256      *
    WC                 0.003       0.019      0.441      -0.035       0.040
    CI                 0.015       0.024      0.257      -0.030       0.062
    CW                 0.036       0.022      0.047      -0.006       0.078
    CC                 0.205       0.031      0.000       0.144       0.264      *
    ISV                1.520       0.069      0.000       1.386       1.655      *
    WSV                1.318       0.065      0.000       1.189       1.446      *
    CSV                1.203       0.065      0.000       1.076       1.331      *
    IINT              -0.088       0.020      0.000      -0.128      -0.050      *
    WINT              -0.089       0.021      0.000      -0.132      -0.049      *
    CINT              -0.093       0.020      0.000      -0.134      -0.052      *

 Residual Variances
    IMPR               0.214       0.034      0.000       0.158       0.289      *
    WARM               0.237       0.037      0.000       0.176       0.320      *
    COMP               0.177       0.030      0.000       0.128       0.243      *
    II                 0.061       0.007      0.000       0.049       0.077      *
    IW                 0.005       0.002      0.000       0.002       0.010      *
    IC                 0.003       0.002      0.000       0.000       0.007      *
    WI                 0.004       0.002      0.000       0.001       0.009      *
    WW                 0.068       0.008      0.000       0.054       0.086      *
    WC                 0.003       0.002      0.000       0.001       0.007      *
    CI                 0.006       0.003      0.000       0.002       0.011      *
    CW                 0.005       0.002      0.000       0.002       0.010      *
    CC                 0.065       0.008      0.000       0.051       0.083      *
    ISV                0.493       0.052      0.000       0.404       0.608      *
    WSV                0.449       0.047      0.000       0.368       0.554      *
    CSV                0.444       0.047      0.000       0.364       0.549      *
    IINT               0.001       0.001      0.000       0.000       0.004      *
    WINT               0.008       0.003      0.000       0.002       0.015      *
    CINT               0.004       0.003      0.000       0.000       0.010      *

New/Additional Parameters
    SIMPR              0.155       0.054      0.002       0.049       0.260      *
    SWARM              0.036       0.057      0.271      -0.078       0.146
    SCOMP              0.245       0.051      0.000       0.144       0.342      *
    SII                0.305       0.032      0.000       0.244       0.367      *
    SIW                0.022       0.020      0.132      -0.016       0.061
    SIC                0.052       0.018      0.001       0.017       0.089      *
    SWI               -0.005       0.021      0.403      -0.046       0.037
    SWW                0.387       0.031      0.000       0.326       0.447      *
    SWC                0.014       0.018      0.217      -0.022       0.050
    SCI                0.038       0.022      0.038      -0.004       0.080
    SCW               -0.025       0.020      0.110      -0.063       0.014
    SCC                0.385       0.031      0.000       0.322       0.445      *
    SISV               1.406       0.070      0.000       1.269       1.546      *
    SWSV               1.139       0.067      0.000       1.008       1.271      *
    SCSV               1.229       0.066      0.000       1.101       1.361      *
    SIINT             -0.016       0.019      0.188      -0.056       0.022
    SWINT             -0.015       0.021      0.224      -0.057       0.026
    SCINT             -0.022       0.020      0.134      -0.061       0.019


STANDARDIZED MODEL RESULTS


STDYX Standardization

                                Posterior  One-Tailed         95% C.I.
                    Estimate       S.D.      P-Value   Lower 2.5%  Upper 2.5%  Significance

Within-Level Standardized Estimates Averaged Over Clusters

 II | IMPR ON
    IMPR&1             0.256       0.015      0.000       0.226       0.285      *

 IW | IMPR ON
    WARM&1             0.019       0.012      0.064      -0.005       0.043

 IC | IMPR ON
    COMP&1             0.039       0.012      0.000       0.015       0.063      *

 ISV | IMPR ON
    STATVAL            0.698       0.005      0.000       0.688       0.708      *

 IINT | IMPR ON
    INTERACT&1        -0.027       0.007      0.000      -0.038      -0.014      *

 WI | WARM ON
    IMPR&1             0.020       0.016      0.106      -0.012       0.048

 WW | WARM ON
    WARM&1             0.288       0.014      0.000       0.261       0.316      *

 WC | WARM ON
    COMP&1             0.010       0.012      0.215      -0.015       0.033

 WSV | WARM ON
    STATVAL            0.635       0.005      0.000       0.624       0.645      *

 WINT | WARM ON
    INTERACT&1        -0.029       0.007      0.000      -0.042      -0.015      *

 CI | COMP ON
    IMPR&1             0.028       0.015      0.043      -0.004       0.056

 CW | COMP ON
    WARM&1             0.006       0.014      0.323      -0.019       0.033

 CC | COMP ON
    COMP&1             0.294       0.013      0.000       0.268       0.320      *

 CSV | COMP ON
    STATVAL            0.625       0.006      0.000       0.613       0.636      *

 CINT | COMP ON
    INTERACT&1        -0.031       0.006      0.000      -0.045      -0.019      *

 INTERACT   ON
    INTERACT&1         0.000       0.000      1.000       0.000       0.000

 WARM     WITH
    IMPR               0.621       0.007      0.000       0.606       0.634      *

 COMP     WITH
    IMPR               0.602       0.007      0.000       0.587       0.616      *
    WARM               0.408       0.009      0.000       0.389       0.426      *

 INTERACT WITH
    IMPR               0.008       0.011      0.245      -0.013       0.030
    WARM               0.015       0.011      0.086      -0.005       0.037
    COMP               0.002       0.011      0.415      -0.019       0.024

 Intercepts
    INTERACT          -0.024       0.010      0.014      -0.044      -0.003      *

 Residual Variances
    IMPR               0.318       0.006      0.000       0.306       0.330      *
    WARM               0.373       0.010      0.000       0.359       0.388      *
    COMP               0.376       0.008      0.000       0.362       0.390      *
    INTERACT           1.000       0.000      0.000       1.000       1.000

Between Level

 II         ON
    D0_S1              0.135       0.063      0.017       0.012       0.255      *

 IW         ON
    D0_S1              0.034       0.142      0.402      -0.239       0.330

 IC         ON
    D0_S1              0.165       0.201      0.177      -0.178       0.637

 WI         ON
    D0_S1             -0.269       0.174      0.058      -0.616       0.070

 WW         ON
    D0_S1              0.252       0.055      0.000       0.141       0.355      *

 WC         ON
    D0_S1              0.070       0.174      0.335      -0.263       0.424

 CI         ON
    D0_S1              0.110       0.161      0.243      -0.211       0.429

 CW         ON
    D0_S1             -0.283       0.138      0.023      -0.554      -0.004      *

 CC         ON
    D0_S1              0.242       0.057      0.000       0.126       0.349      *

 ISV        ON
    D0_S1             -0.057       0.049      0.126      -0.153       0.041

 WSV        ON
    D0_S1             -0.094       0.048      0.029      -0.188       0.003

 CSV        ON
    D0_S1              0.014       0.049      0.390      -0.080       0.111

 IINT       ON
    D0_S1              0.638       0.239      0.005       0.140       0.999      *

 WINT       ON
    D0_S1              0.283       0.125      0.006       0.065       0.567      *

 CINT       ON
    D0_S1              0.388       0.198      0.007       0.078       0.927      *

 IMPR       ON
    D0_S1             -0.025       0.055      0.322      -0.133       0.081

 WARM       ON
    D0_S1             -0.167       0.054      0.002      -0.272      -0.062      *

 COMP       ON
    D0_S1              0.184       0.057      0.001       0.069       0.293      *

 WARM     WITH
    IMPR               0.946       0.017      0.000       0.904       0.973      *

 COMP     WITH
    IMPR               0.914       0.026      0.000       0.853       0.953      *
    WARM               0.917       0.027      0.000       0.853       0.958      *

 Intercepts
    IMPR               0.407       0.109      0.000       0.193       0.623      *
    WARM               0.544       0.107      0.000       0.338       0.758      *
    COMP               0.054       0.106      0.309      -0.152       0.265
    II                 0.835       0.140      0.000       0.564       1.111      *
    IW                 0.207       0.292      0.225      -0.363       0.803
    IC                 0.544       0.414      0.064      -0.147       1.480
    WI                 0.667       0.408      0.029      -0.020       1.551
    WW                 0.721       0.128      0.000       0.475       0.981      *
    WC                 0.049       0.349      0.441      -0.620       0.760
    CI                 0.199       0.337      0.257      -0.419       0.924
    CW                 0.476       0.282      0.047      -0.084       1.026
    CC                 0.779       0.131      0.000       0.521       1.039      *
    ISV                2.158       0.146      0.000       1.875       2.451      *
    WSV                1.957       0.135      0.000       1.691       2.217      *
    CSV                1.801       0.135      0.000       1.537       2.067      *
    IINT              -2.146       0.739      0.000      -3.726      -1.008      *
    WINT              -0.967       0.315      0.000      -1.757      -0.504      *
    CINT              -1.409       0.619      0.000      -3.186      -0.668      *

 Residual Variances
    IMPR               0.998       0.005      0.000       0.982       1.000      *
    WARM               0.972       0.018      0.000       0.926       0.996      *
    COMP               0.966       0.021      0.000       0.914       0.995      *
    II                 0.982       0.018      0.000       0.935       1.000      *
    IW                 0.991       0.033      0.000       0.884       1.000      *
    IC                 0.969       0.114      0.000       0.593       1.000      *
    WI                 0.927       0.107      0.000       0.621       1.000      *
    WW                 0.937       0.028      0.000       0.874       0.980      *
    WC                 0.985       0.053      0.000       0.807       1.000      *
    CI                 0.982       0.054      0.000       0.809       1.000      *
    CW                 0.920       0.081      0.000       0.693       0.999      *
    CC                 0.941       0.027      0.000       0.878       0.984      *
    ISV                0.997       0.007      0.000       0.977       1.000      *
    WSV                0.991       0.010      0.000       0.965       1.000      *
    CSV                0.999       0.004      0.000       0.987       1.000      *
    IINT               0.593       0.288      0.000       0.003       0.979      *
    WINT               0.920       0.085      0.000       0.679       0.996      *
    CINT               0.850       0.196      0.000       0.141       0.993      *


STDY Standardization

                                Posterior  One-Tailed         95% C.I.
                    Estimate       S.D.      P-Value   Lower 2.5%  Upper 2.5%  Significance

Within-Level Standardized Estimates Averaged Over Clusters

 II | IMPR ON
    IMPR&1             0.149       0.009      0.000       0.131       0.166      *

 IW | IMPR ON
    WARM&1             0.011       0.007      0.058      -0.003       0.026

 IC | IMPR ON
    COMP&1             0.023       0.007      0.000       0.008       0.037      *

 ISV | IMPR ON
    STATVAL            0.751       0.006      0.000       0.739       0.761      *

 IINT | IMPR ON
    INTERACT&1        -0.034       0.009      0.000      -0.048      -0.017      *

 WI | WARM ON
    IMPR&1             0.012       0.009      0.091      -0.006       0.027

 WW | WARM ON
    WARM&1             0.177       0.008      0.000       0.161       0.194      *

 WC | WARM ON
    COMP&1             0.006       0.007      0.240      -0.009       0.019

 WSV | WARM ON
    STATVAL            0.684       0.006      0.000       0.672       0.696      *

 WINT | WARM ON
    INTERACT&1        -0.036       0.009      0.000      -0.053      -0.019      *

 CI | COMP ON
    IMPR&1             0.016       0.009      0.038      -0.002       0.031

 CW | COMP ON
    WARM&1             0.004       0.008      0.296      -0.011       0.021

 CC | COMP ON
    COMP&1             0.177       0.008      0.000       0.161       0.192      *

 CSV | COMP ON
    STATVAL            0.674       0.006      0.000       0.661       0.686      *

 CINT | COMP ON
    INTERACT&1        -0.039       0.008      0.000      -0.056      -0.024      *

 INTERACT   ON
    INTERACT&1         0.000       0.000      1.000       0.000       0.000

 WARM     WITH
    IMPR               0.621       0.007      0.000       0.606       0.634      *

 COMP     WITH
    IMPR               0.602       0.007      0.000       0.587       0.616      *
    WARM               0.408       0.009      0.000       0.389       0.426      *

 INTERACT WITH
    IMPR               0.008       0.011      0.245      -0.013       0.030
    WARM               0.015       0.011      0.086      -0.005       0.037
    COMP               0.002       0.011      0.415      -0.019       0.024

 Intercepts
    INTERACT          -0.024       0.010      0.014      -0.044      -0.003      *

 Residual Variances
    IMPR               0.318       0.006      0.000       0.306       0.330      *
    WARM               0.373       0.010      0.000       0.359       0.388      *
    COMP               0.376       0.008      0.000       0.362       0.390      *
    INTERACT           1.000       0.000      0.000       1.000       1.000

Between Level

 II         ON
    D0_S1              0.383       0.178      0.017       0.033       0.722      *

 IW         ON
    D0_S1              0.095       0.402      0.402      -0.676       0.934

 IC         ON
    D0_S1              0.466       0.569      0.177      -0.504       1.803

 WI         ON
    D0_S1             -0.760       0.492      0.058      -1.741       0.199

 WW         ON
    D0_S1              0.712       0.156      0.000       0.398       1.004      *

 WC         ON
    D0_S1              0.199       0.491      0.335      -0.744       1.199

 CI         ON
    D0_S1              0.311       0.457      0.243      -0.597       1.214

 CW         ON
    D0_S1             -0.799       0.390      0.023      -1.567      -0.012      *

 CC         ON
    D0_S1              0.685       0.160      0.000       0.357       0.988      *

 ISV        ON
    D0_S1             -0.162       0.140      0.126      -0.433       0.115

 WSV        ON
    D0_S1             -0.267       0.137      0.029      -0.531       0.010

 CSV        ON
    D0_S1              0.039       0.138      0.390      -0.228       0.313

 IINT       ON
    D0_S1              1.805       0.675      0.005       0.397       2.825      *

 WINT       ON
    D0_S1              0.801       0.355      0.006       0.183       1.603      *

 CINT       ON
    D0_S1              1.097       0.561      0.007       0.220       2.622      *

 IMPR       ON
    D0_S1             -0.071       0.156      0.322      -0.377       0.230

 WARM       ON
    D0_S1             -0.473       0.152      0.002      -0.769      -0.177      *

 COMP       ON
    D0_S1              0.521       0.162      0.001       0.196       0.830      *

 WARM     WITH
    IMPR               0.946       0.017      0.000       0.904       0.973      *

 COMP     WITH
    IMPR               0.914       0.026      0.000       0.853       0.953      *
    WARM               0.917       0.027      0.000       0.853       0.958      *

 Intercepts
    IMPR               0.407       0.109      0.000       0.193       0.623      *
    WARM               0.544       0.107      0.000       0.338       0.758      *
    COMP               0.054       0.106      0.309      -0.152       0.265
    II                 0.835       0.140      0.000       0.564       1.111      *
    IW                 0.207       0.292      0.225      -0.363       0.803
    IC                 0.544       0.414      0.064      -0.147       1.480
    WI                 0.667       0.408      0.029      -0.020       1.551
    WW                 0.721       0.128      0.000       0.475       0.981      *
    WC                 0.049       0.349      0.441      -0.620       0.760
    CI                 0.199       0.337      0.257      -0.419       0.924
    CW                 0.476       0.282      0.047      -0.084       1.026
    CC                 0.779       0.131      0.000       0.521       1.039      *
    ISV                2.158       0.146      0.000       1.875       2.451      *
    WSV                1.957       0.135      0.000       1.691       2.217      *
    CSV                1.801       0.135      0.000       1.537       2.067      *
    IINT              -2.146       0.739      0.000      -3.726      -1.008      *
    WINT              -0.967       0.315      0.000      -1.757      -0.504      *
    CINT              -1.409       0.619      0.000      -3.186      -0.668      *

 Residual Variances
    IMPR               0.998       0.005      0.000       0.982       1.000      *
    WARM               0.972       0.018      0.000       0.926       0.996      *
    COMP               0.966       0.021      0.000       0.914       0.995      *
    II                 0.982       0.018      0.000       0.935       1.000      *
    IW                 0.991       0.033      0.000       0.884       1.000      *
    IC                 0.969       0.114      0.000       0.593       1.000      *
    WI                 0.927       0.107      0.000       0.621       1.000      *
    WW                 0.937       0.028      0.000       0.874       0.980      *
    WC                 0.985       0.053      0.000       0.807       1.000      *
    CI                 0.982       0.054      0.000       0.809       1.000      *
    CW                 0.920       0.081      0.000       0.693       0.999      *
    CC                 0.941       0.027      0.000       0.878       0.984      *
    ISV                0.997       0.007      0.000       0.977       1.000      *
    WSV                0.991       0.010      0.000       0.965       1.000      *
    CSV                0.999       0.004      0.000       0.987       1.000      *
    IINT               0.593       0.288      0.000       0.003       0.979      *
    WINT               0.920       0.085      0.000       0.679       0.996      *
    CINT               0.850       0.196      0.000       0.141       0.993      *


R-SQUARE

Within-Level R-Square Averaged Across Clusters

                                Posterior  One-Tailed         95% C.I.
    Variable        Estimate       S.D.      P-Value   Lower 2.5%  Upper 2.5%

    IMPR               0.682       0.006      0.000       0.670       0.694
    WARM               0.627       0.010      0.000       0.612       0.641
    COMP               0.624       0.008      0.000       0.610       0.638
    INTERACT           0.000       0.000      1.000       0.000       0.000

Between Level

                                Posterior  One-Tailed         95% C.I.
    Variable        Estimate       S.D.      P-Value   Lower 2.5%  Upper 2.5%

    IMPR               0.002       0.005      0.000       0.000       0.018
    WARM               0.028       0.018      0.000       0.004       0.074
    COMP               0.034       0.021      0.000       0.005       0.086

                                Posterior  One-Tailed         95% C.I.
    Variable        Estimate       S.D.      P-Value   Lower 2.5%  Upper 2.5%

    II                 0.018       0.018      0.000       0.000       0.065
    IW                 0.009       0.033      0.000       0.000       0.116
    IC                 0.031       0.114      0.000       0.000       0.406
    WI                 0.073       0.107      0.000       0.000       0.379
    WW                 0.063       0.028      0.000       0.020       0.126
    WC                 0.015       0.053      0.000       0.000       0.193
    CI                 0.018       0.054      0.000       0.000       0.191
    CW                 0.080       0.081      0.000       0.001       0.307
    CC                 0.059       0.027      0.000       0.016       0.122
    ISV                0.003       0.007      0.000       0.000       0.023
    WSV                0.009       0.010      0.000       0.000       0.035
    CSV                0.001       0.004      0.000       0.000       0.013
    IINT               0.407       0.288      0.000       0.021       0.997
    WINT               0.080       0.085      0.000       0.004       0.321
    CINT               0.150       0.196      0.000       0.007       0.859


TECHNICAL 1 OUTPUT


     PARAMETER SPECIFICATION FOR WITHIN


           NU
              IMPR          WARM          COMP          INTERACT      STATVAL
              ________      ________      ________      ________      ________
                    0             0             0             0             0


           NU
              IMPR&1        WARM&1        COMP&1        INTERACT
              ________      ________      ________      ________
                    0             0             0             0


           LAMBDA
              IMPR          WARM          COMP          INTERACT      STATVAL
              ________      ________      ________      ________      ________
 IMPR               0             0             0             0             0
 WARM               0             0             0             0             0
 COMP               0             0             0             0             0
 INTERACT           0             0             0             0             0
 STATVAL            0             0             0             0             0
 IMPR&1             0             0             0             0             0
 WARM&1             0             0             0             0             0
 COMP&1             0             0             0             0             0
 INTERACT           0             0             0             0             0


           LAMBDA
              IMPR&1        WARM&1        COMP&1        INTERACT
              ________      ________      ________      ________
 IMPR               0             0             0             0
 WARM               0             0             0             0
 COMP               0             0             0             0
 INTERACT           0             0             0             0
 STATVAL            0             0             0             0
 IMPR&1             0             0             0             0
 WARM&1             0             0             0             0
 COMP&1             0             0             0             0
 INTERACT           0             0             0             0


           THETA
              IMPR          WARM          COMP          INTERACT      STATVAL
              ________      ________      ________      ________      ________
 IMPR               0
 WARM               0             0
 COMP               0             0             0
 INTERACT           0             0             0             0
 STATVAL            0             0             0             0             0
 IMPR&1             0             0             0             0             0
 WARM&1             0             0             0             0             0
 COMP&1             0             0             0             0             0
 INTERACT           0             0             0             0             0


           THETA
              IMPR&1        WARM&1        COMP&1        INTERACT
              ________      ________      ________      ________
 IMPR&1             0
 WARM&1             0             0
 COMP&1             0             0             0
 INTERACT           0             0             0             0


           ALPHA
              IMPR          WARM          COMP          INTERACT      STATVAL
              ________      ________      ________      ________      ________
                    0             0             0             1             0


           ALPHA
              IMPR&1        WARM&1        COMP&1        INTERACT
              ________      ________      ________      ________
                    0             0             0             0


           BETA
              IMPR          WARM          COMP          INTERACT      STATVAL
              ________      ________      ________      ________      ________
 IMPR               0             0             0             0             0
 WARM               0             0             0             0             0
 COMP               0             0             0             0             0
 INTERACT           0             0             0             0             0
 STATVAL            0             0             0             0             0
 IMPR&1             0             0             0             0             0
 WARM&1             0             0             0             0             0
 COMP&1             0             0             0             0             0
 INTERACT           0             0             0             0             0


           BETA
              IMPR&1        WARM&1        COMP&1        INTERACT
              ________      ________      ________      ________
 IMPR               0             0             0             0
 WARM               0             0             0             0
 COMP               0             0             0             0
 INTERACT           0             0             0             0
 STATVAL            0             0             0             0
 IMPR&1             0             0             0             0
 WARM&1             0             0             0             0
 COMP&1             0             0             0             0
 INTERACT           0             0             0             0


           PSI
              IMPR          WARM          COMP          INTERACT      STATVAL
              ________      ________      ________      ________      ________
 IMPR               2
 WARM               3             4
 COMP               5             6             7
 INTERACT           8             9            10            11
 STATVAL            0             0             0             0             0
 IMPR&1             0             0             0             0             0
 WARM&1             0             0             0             0             0
 COMP&1             0             0             0             0             0
 INTERACT           0             0             0             0             0


           PSI
              IMPR&1        WARM&1        COMP&1        INTERACT
              ________      ________      ________      ________
 IMPR&1             0
 WARM&1             0             0
 COMP&1             0             0             0
 INTERACT           0             0             0             0


     PARAMETER SPECIFICATION FOR BETWEEN


           NU
              IMPR          WARM          COMP          D0_S1
              ________      ________      ________      ________
                    0             0             0             0


           LAMBDA
              II            IW            IC            WI            WW
              ________      ________      ________      ________      ________
 IMPR               0             0             0             0             0
 WARM               0             0             0             0             0
 COMP               0             0             0             0             0
 D0_S1              0             0             0             0             0


           LAMBDA
              WC            CI            CW            CC            ISV
              ________      ________      ________      ________      ________
 IMPR               0             0             0             0             0
 WARM               0             0             0             0             0
 COMP               0             0             0             0             0
 D0_S1              0             0             0             0             0


           LAMBDA
              WSV           CSV           IINT          WINT          CINT
              ________      ________      ________      ________      ________
 IMPR               0             0             0             0             0
 WARM               0             0             0             0             0
 COMP               0             0             0             0             0
 D0_S1              0             0             0             0             0


           LAMBDA
              IMPR          WARM          COMP          D0_S1
              ________      ________      ________      ________
 IMPR               0             0             0             0
 WARM               0             0             0             0
 COMP               0             0             0             0
 D0_S1              0             0             0             0


           THETA
              IMPR          WARM          COMP          D0_S1
              ________      ________      ________      ________
 IMPR               0
 WARM               0             0
 COMP               0             0             0
 D0_S1              0             0             0             0


           ALPHA
              II            IW            IC            WI            WW
              ________      ________      ________      ________      ________
                   12            13            14            15            16


           ALPHA
              WC            CI            CW            CC            ISV
              ________      ________      ________      ________      ________
                   17            18            19            20            21


           ALPHA
              WSV           CSV           IINT          WINT          CINT
              ________      ________      ________      ________      ________
                   22            23            24            25            26


           ALPHA
              IMPR          WARM          COMP          D0_S1
              ________      ________      ________      ________
                   27            28            29             0


           BETA
              II            IW            IC            WI            WW
              ________      ________      ________      ________      ________
 II                 0             0             0             0             0
 IW                 0             0             0             0             0
 IC                 0             0             0             0             0
 WI                 0             0             0             0             0
 WW                 0             0             0             0             0
 WC                 0             0             0             0             0
 CI                 0             0             0             0             0
 CW                 0             0             0             0             0
 CC                 0             0             0             0             0
 ISV                0             0             0             0             0
 WSV                0             0             0             0             0
 CSV                0             0             0             0             0
 IINT               0             0             0             0             0
 WINT               0             0             0             0             0
 CINT               0             0             0             0             0
 IMPR               0             0             0             0             0
 WARM               0             0             0             0             0
 COMP               0             0             0             0             0
 D0_S1              0             0             0             0             0


           BETA
              WC            CI            CW            CC            ISV
              ________      ________      ________      ________      ________
 II                 0             0             0             0             0
 IW                 0             0             0             0             0
 IC                 0             0             0             0             0
 WI                 0             0             0             0             0
 WW                 0             0             0             0             0
 WC                 0             0             0             0             0
 CI                 0             0             0             0             0
 CW                 0             0             0             0             0
 CC                 0             0             0             0             0
 ISV                0             0             0             0             0
 WSV                0             0             0             0             0
 CSV                0             0             0             0             0
 IINT               0             0             0             0             0
 WINT               0             0             0             0             0
 CINT               0             0             0             0             0
 IMPR               0             0             0             0             0
 WARM               0             0             0             0             0
 COMP               0             0             0             0             0
 D0_S1              0             0             0             0             0


           BETA
              WSV           CSV           IINT          WINT          CINT
              ________      ________      ________      ________      ________
 II                 0             0             0             0             0
 IW                 0             0             0             0             0
 IC                 0             0             0             0             0
 WI                 0             0             0             0             0
 WW                 0             0             0             0             0
 WC                 0             0             0             0             0
 CI                 0             0             0             0             0
 CW                 0             0             0             0             0
 CC                 0             0             0             0             0
 ISV                0             0             0             0             0
 WSV                0             0             0             0             0
 CSV                0             0             0             0             0
 IINT               0             0             0             0             0
 WINT               0             0             0             0             0
 CINT               0             0             0             0             0
 IMPR               0             0             0             0             0
 WARM               0             0             0             0             0
 COMP               0             0             0             0             0
 D0_S1              0             0             0             0             0


           BETA
              IMPR          WARM          COMP          D0_S1
              ________      ________      ________      ________
 II                 0             0             0            30
 IW                 0             0             0            31
 IC                 0             0             0            32
 WI                 0             0             0            33
 WW                 0             0             0            34
 WC                 0             0             0            35
 CI                 0             0             0            36
 CW                 0             0             0            37
 CC                 0             0             0            38
 ISV                0             0             0            39
 WSV                0             0             0            40
 CSV                0             0             0            41
 IINT               0             0             0            42
 WINT               0             0             0            43
 CINT               0             0             0            44
 IMPR               0             0             0            45
 WARM               0             0             0            46
 COMP               0             0             0            47
 D0_S1              0             0             0             0


           PSI
              II            IW            IC            WI            WW
              ________      ________      ________      ________      ________
 II                48
 IW                 0            49
 IC                 0             0            50
 WI                 0             0             0            51
 WW                 0             0             0             0            52
 WC                 0             0             0             0             0
 CI                 0             0             0             0             0
 CW                 0             0             0             0             0
 CC                 0             0             0             0             0
 ISV                0             0             0             0             0
 WSV                0             0             0             0             0
 CSV                0             0             0             0             0
 IINT               0             0             0             0             0
 WINT               0             0             0             0             0
 CINT               0             0             0             0             0
 IMPR               0             0             0             0             0
 WARM               0             0             0             0             0
 COMP               0             0             0             0             0
 D0_S1              0             0             0             0             0


           PSI
              WC            CI            CW            CC            ISV
              ________      ________      ________      ________      ________
 WC                53
 CI                 0            54
 CW                 0             0            55
 CC                 0             0             0            56
 ISV                0             0             0             0            57
 WSV                0             0             0             0             0
 CSV                0             0             0             0             0
 IINT               0             0             0             0             0
 WINT               0             0             0             0             0
 CINT               0             0             0             0             0
 IMPR               0             0             0             0             0
 WARM               0             0             0             0             0
 COMP               0             0             0             0             0
 D0_S1              0             0             0             0             0


           PSI
              WSV           CSV           IINT          WINT          CINT
              ________      ________      ________      ________      ________
 WSV               58
 CSV                0            59
 IINT               0             0            60
 WINT               0             0             0            61
 CINT               0             0             0             0            62
 IMPR               0             0             0             0             0
 WARM               0             0             0             0             0
 COMP               0             0             0             0             0
 D0_S1              0             0             0             0             0


           PSI
              IMPR          WARM          COMP          D0_S1
              ________      ________      ________      ________
 IMPR              63
 WARM              64            65
 COMP              66            67            68
 D0_S1              0             0             0             0


     PARAMETER SPECIFICATION FOR THE ADDITIONAL PARAMETERS


           NEW/ADDITIONAL PARAMETERS
              SIMPR         SWARM         SCOMP         SII           SIW
              ________      ________      ________      ________      ________
                   69            70            71            72            73


           NEW/ADDITIONAL PARAMETERS
              SIC           SWI           SWW           SWC           SCI
              ________      ________      ________      ________      ________
                   74            75            76            77            78


           NEW/ADDITIONAL PARAMETERS
              SCW           SCC           SISV          SWSV          SCSV
              ________      ________      ________      ________      ________
                   79            80            81            82            83


           NEW/ADDITIONAL PARAMETERS
              SIINT         SWINT         SCINT
              ________      ________      ________
                   84            85            86


     STARTING VALUES FOR WITHIN


           NU
              IMPR          WARM          COMP          INTERACT      STATVAL
              ________      ________      ________      ________      ________
                0.000         0.000         0.000         0.000         0.000


           NU
              IMPR&1        WARM&1        COMP&1        INTERACT
              ________      ________      ________      ________
                0.000         0.000         0.000         0.000


           LAMBDA
              IMPR          WARM          COMP          INTERACT      STATVAL
              ________      ________      ________      ________      ________
 IMPR           1.000         0.000         0.000         0.000         0.000
 WARM           0.000         1.000         0.000         0.000         0.000
 COMP           0.000         0.000         1.000         0.000         0.000
 INTERACT       0.000         0.000         0.000         1.000         0.000
 STATVAL        0.000         0.000         0.000         0.000         1.000
 IMPR&1         0.000         0.000         0.000         0.000         0.000
 WARM&1         0.000         0.000         0.000         0.000         0.000
 COMP&1         0.000         0.000         0.000         0.000         0.000
 INTERACT       0.000         0.000         0.000         0.000         0.000


           LAMBDA
              IMPR&1        WARM&1        COMP&1        INTERACT
              ________      ________      ________      ________
 IMPR           0.000         0.000         0.000         0.000
 WARM           0.000         0.000         0.000         0.000
 COMP           0.000         0.000         0.000         0.000
 INTERACT       0.000         0.000         0.000         0.000
 STATVAL        0.000         0.000         0.000         0.000
 IMPR&1         1.000         0.000         0.000         0.000
 WARM&1         0.000         1.000         0.000         0.000
 COMP&1         0.000         0.000         1.000         0.000
 INTERACT       0.000         0.000         0.000         1.000


           THETA
              IMPR          WARM          COMP          INTERACT      STATVAL
              ________      ________      ________      ________      ________
 IMPR           0.000
 WARM           0.000         0.000
 COMP           0.000         0.000         0.000
 INTERACT       0.000         0.000         0.000         0.000
 STATVAL        0.000         0.000         0.000         0.000         0.000
 IMPR&1         0.000         0.000         0.000         0.000         0.000
 WARM&1         0.000         0.000         0.000         0.000         0.000
 COMP&1         0.000         0.000         0.000         0.000         0.000
 INTERACT       0.000         0.000         0.000         0.000         0.000


           THETA
              IMPR&1        WARM&1        COMP&1        INTERACT
              ________      ________      ________      ________
 IMPR&1         0.000
 WARM&1         0.000         0.000
 COMP&1         0.000         0.000         0.000
 INTERACT       0.000         0.000         0.000         0.000


           ALPHA
              IMPR          WARM          COMP          INTERACT      STATVAL
              ________      ________      ________      ________      ________
                0.000         0.000         0.000        -0.020         0.000


           ALPHA
              IMPR&1        WARM&1        COMP&1        INTERACT
              ________      ________      ________      ________
                0.000         0.000         0.000         0.000


           BETA
              IMPR          WARM          COMP          INTERACT      STATVAL
              ________      ________      ________      ________      ________
 IMPR           0.000         0.000         0.000         0.000         0.000
 WARM           0.000         0.000         0.000         0.000         0.000
 COMP           0.000         0.000         0.000         0.000         0.000
 INTERACT       0.000         0.000         0.000         0.000         0.000
 STATVAL        0.000         0.000         0.000         0.000         0.000
 IMPR&1         0.000         0.000         0.000         0.000         0.000
 WARM&1         0.000         0.000         0.000         0.000         0.000
 COMP&1         0.000         0.000         0.000         0.000         0.000
 INTERACT       0.000         0.000         0.000         0.000         0.000


           BETA
              IMPR&1        WARM&1        COMP&1        INTERACT
              ________      ________      ________      ________
 IMPR           0.000         0.000         0.000         0.000
 WARM           0.000         0.000         0.000         0.000
 COMP           0.000         0.000         0.000         0.000
 INTERACT       0.000         0.000         0.000         0.000
 STATVAL        0.000         0.000         0.000         0.000
 IMPR&1         0.000         0.000         0.000         0.000
 WARM&1         0.000         0.000         0.000         0.000
 COMP&1         0.000         0.000         0.000         0.000
 INTERACT       0.000         0.000         0.000         0.000


           PSI
              IMPR          WARM          COMP          INTERACT      STATVAL
              ________      ________      ________      ________      ________
 IMPR           1.878
 WARM           0.000         1.616
 COMP           0.000         0.000         1.605
 INTERACT       0.000         0.000         0.000         0.319
 STATVAL        0.000         0.000         0.000         0.000         0.400
 IMPR&1         0.000         0.000         0.000         0.000         0.000
 WARM&1         0.000         0.000         0.000         0.000         0.000
 COMP&1         0.000         0.000         0.000         0.000         0.000
 INTERACT       0.000         0.000         0.000         0.000         0.000


           PSI
              IMPR&1        WARM&1        COMP&1        INTERACT
              ________      ________      ________      ________
 IMPR&1         1.881
 WARM&1         0.000         1.615
 COMP&1         0.000         0.000         1.606
 INTERACT       0.000         0.000         0.000         0.319


     STARTING VALUES FOR BETWEEN


           NU
              IMPR          WARM          COMP          D0_S1
              ________      ________      ________      ________
                0.000         0.000         0.000         0.000


           LAMBDA
              II            IW            IC            WI            WW
              ________      ________      ________      ________      ________
 IMPR           0.000         0.000         0.000         0.000         0.000
 WARM           0.000         0.000         0.000         0.000         0.000
 COMP           0.000         0.000         0.000         0.000         0.000
 D0_S1          0.000         0.000         0.000         0.000         0.000


           LAMBDA
              WC            CI            CW            CC            ISV
              ________      ________      ________      ________      ________
 IMPR           0.000         0.000         0.000         0.000         0.000
 WARM           0.000         0.000         0.000         0.000         0.000
 COMP           0.000         0.000         0.000         0.000         0.000
 D0_S1          0.000         0.000         0.000         0.000         0.000


           LAMBDA
              WSV           CSV           IINT          WINT          CINT
              ________      ________      ________      ________      ________
 IMPR           0.000         0.000         0.000         0.000         0.000
 WARM           0.000         0.000         0.000         0.000         0.000
 COMP           0.000         0.000         0.000         0.000         0.000
 D0_S1          0.000         0.000         0.000         0.000         0.000


           LAMBDA
              IMPR          WARM          COMP          D0_S1
              ________      ________      ________      ________
 IMPR           1.000         0.000         0.000         0.000
 WARM           0.000         1.000         0.000         0.000
 COMP           0.000         0.000         1.000         0.000
 D0_S1          0.000         0.000         0.000         1.000


           THETA
              IMPR          WARM          COMP          D0_S1
              ________      ________      ________      ________
 IMPR           0.000
 WARM           0.000         0.000
 COMP           0.000         0.000         0.000
 D0_S1          0.000         0.000         0.000         0.000


           ALPHA
              II            IW            IC            WI            WW
              ________      ________      ________      ________      ________
                0.000         0.000         0.000         0.000         0.000


           ALPHA
              WC            CI            CW            CC            ISV
              ________      ________      ________      ________      ________
                0.000         0.000         0.000         0.000         0.000


           ALPHA
              WSV           CSV           IINT          WINT          CINT
              ________      ________      ________      ________      ________
                0.000         0.000         0.000         0.000         0.000


           ALPHA
              IMPR          WARM          COMP          D0_S1
              ________      ________      ________      ________
                0.130         0.113         0.105         0.000


           BETA
              II            IW            IC            WI            WW
              ________      ________      ________      ________      ________
 II             0.000         0.000         0.000         0.000         0.000
 IW             0.000         0.000         0.000         0.000         0.000
 IC             0.000         0.000         0.000         0.000         0.000
 WI             0.000         0.000         0.000         0.000         0.000
 WW             0.000         0.000         0.000         0.000         0.000
 WC             0.000         0.000         0.000         0.000         0.000
 CI             0.000         0.000         0.000         0.000         0.000
 CW             0.000         0.000         0.000         0.000         0.000
 CC             0.000         0.000         0.000         0.000         0.000
 ISV            0.000         0.000         0.000         0.000         0.000
 WSV            0.000         0.000         0.000         0.000         0.000
 CSV            0.000         0.000         0.000         0.000         0.000
 IINT           0.000         0.000         0.000         0.000         0.000
 WINT           0.000         0.000         0.000         0.000         0.000
 CINT           0.000         0.000         0.000         0.000         0.000
 IMPR           0.000         0.000         0.000         0.000         0.000
 WARM           0.000         0.000         0.000         0.000         0.000
 COMP           0.000         0.000         0.000         0.000         0.000
 D0_S1          0.000         0.000         0.000         0.000         0.000


           BETA
              WC            CI            CW            CC            ISV
              ________      ________      ________      ________      ________
 II             0.000         0.000         0.000         0.000         0.000
 IW             0.000         0.000         0.000         0.000         0.000
 IC             0.000         0.000         0.000         0.000         0.000
 WI             0.000         0.000         0.000         0.000         0.000
 WW             0.000         0.000         0.000         0.000         0.000
 WC             0.000         0.000         0.000         0.000         0.000
 CI             0.000         0.000         0.000         0.000         0.000
 CW             0.000         0.000         0.000         0.000         0.000
 CC             0.000         0.000         0.000         0.000         0.000
 ISV            0.000         0.000         0.000         0.000         0.000
 WSV            0.000         0.000         0.000         0.000         0.000
 CSV            0.000         0.000         0.000         0.000         0.000
 IINT           0.000         0.000         0.000         0.000         0.000
 WINT           0.000         0.000         0.000         0.000         0.000
 CINT           0.000         0.000         0.000         0.000         0.000
 IMPR           0.000         0.000         0.000         0.000         0.000
 WARM           0.000         0.000         0.000         0.000         0.000
 COMP           0.000         0.000         0.000         0.000         0.000
 D0_S1          0.000         0.000         0.000         0.000         0.000


           BETA
              WSV           CSV           IINT          WINT          CINT
              ________      ________      ________      ________      ________
 II             0.000         0.000         0.000         0.000         0.000
 IW             0.000         0.000         0.000         0.000         0.000
 IC             0.000         0.000         0.000         0.000         0.000
 WI             0.000         0.000         0.000         0.000         0.000
 WW             0.000         0.000         0.000         0.000         0.000
 WC             0.000         0.000         0.000         0.000         0.000
 CI             0.000         0.000         0.000         0.000         0.000
 CW             0.000         0.000         0.000         0.000         0.000
 CC             0.000         0.000         0.000         0.000         0.000
 ISV            0.000         0.000         0.000         0.000         0.000
 WSV            0.000         0.000         0.000         0.000         0.000
 CSV            0.000         0.000         0.000         0.000         0.000
 IINT           0.000         0.000         0.000         0.000         0.000
 WINT           0.000         0.000         0.000         0.000         0.000
 CINT           0.000         0.000         0.000         0.000         0.000
 IMPR           0.000         0.000         0.000         0.000         0.000
 WARM           0.000         0.000         0.000         0.000         0.000
 COMP           0.000         0.000         0.000         0.000         0.000
 D0_S1          0.000         0.000         0.000         0.000         0.000


           BETA
              IMPR          WARM          COMP          D0_S1
              ________      ________      ________      ________
 II             0.000         0.000         0.000         0.000
 IW             0.000         0.000         0.000         0.000
 IC             0.000         0.000         0.000         0.000
 WI             0.000         0.000         0.000         0.000
 WW             0.000         0.000         0.000         0.000
 WC             0.000         0.000         0.000         0.000
 CI             0.000         0.000         0.000         0.000
 CW             0.000         0.000         0.000         0.000
 CC             0.000         0.000         0.000         0.000
 ISV            0.000         0.000         0.000         0.000
 WSV            0.000         0.000         0.000         0.000
 CSV            0.000         0.000         0.000         0.000
 IINT           0.000         0.000         0.000         0.000
 WINT           0.000         0.000         0.000         0.000
 CINT           0.000         0.000         0.000         0.000
 IMPR           0.000         0.000         0.000         0.000
 WARM           0.000         0.000         0.000         0.000
 COMP           0.000         0.000         0.000         0.000
 D0_S1          0.000         0.000         0.000         0.000


           PSI
              II            IW            IC            WI            WW
              ________      ________      ________      ________      ________
 II             1.000
 IW             0.000         1.000
 IC             0.000         0.000         1.000
 WI             0.000         0.000         0.000         1.000
 WW             0.000         0.000         0.000         0.000         1.000
 WC             0.000         0.000         0.000         0.000         0.000
 CI             0.000         0.000         0.000         0.000         0.000
 CW             0.000         0.000         0.000         0.000         0.000
 CC             0.000         0.000         0.000         0.000         0.000
 ISV            0.000         0.000         0.000         0.000         0.000
 WSV            0.000         0.000         0.000         0.000         0.000
 CSV            0.000         0.000         0.000         0.000         0.000
 IINT           0.000         0.000         0.000         0.000         0.000
 WINT           0.000         0.000         0.000         0.000         0.000
 CINT           0.000         0.000         0.000         0.000         0.000
 IMPR           0.000         0.000         0.000         0.000         0.000
 WARM           0.000         0.000         0.000         0.000         0.000
 COMP           0.000         0.000         0.000         0.000         0.000
 D0_S1          0.000         0.000         0.000         0.000         0.000


           PSI
              WC            CI            CW            CC            ISV
              ________      ________      ________      ________      ________
 WC             1.000
 CI             0.000         1.000
 CW             0.000         0.000         1.000
 CC             0.000         0.000         0.000         1.000
 ISV            0.000         0.000         0.000         0.000         1.000
 WSV            0.000         0.000         0.000         0.000         0.000
 CSV            0.000         0.000         0.000         0.000         0.000
 IINT           0.000         0.000         0.000         0.000         0.000
 WINT           0.000         0.000         0.000         0.000         0.000
 CINT           0.000         0.000         0.000         0.000         0.000
 IMPR           0.000         0.000         0.000         0.000         0.000
 WARM           0.000         0.000         0.000         0.000         0.000
 COMP           0.000         0.000         0.000         0.000         0.000
 D0_S1          0.000         0.000         0.000         0.000         0.000


           PSI
              WSV           CSV           IINT          WINT          CINT
              ________      ________      ________      ________      ________
 WSV            1.000
 CSV            0.000         1.000
 IINT           0.000         0.000         1.000
 WINT           0.000         0.000         0.000         1.000
 CINT           0.000         0.000         0.000         0.000         1.000
 IMPR           0.000         0.000         0.000         0.000         0.000
 WARM           0.000         0.000         0.000         0.000         0.000
 COMP           0.000         0.000         0.000         0.000         0.000
 D0_S1          0.000         0.000         0.000         0.000         0.000


           PSI
              IMPR          WARM          COMP          D0_S1
              ________      ________      ________      ________
 IMPR           1.878
 WARM           0.000         1.616
 COMP           0.000         0.000         1.605
 D0_S1          0.000         0.000         0.000         0.125


     STARTING VALUES FOR THE ADDITIONAL PARAMETERS


           NEW/ADDITIONAL PARAMETERS
              SIMPR         SWARM         SCOMP         SII           SIW
              ________      ________      ________      ________      ________
                0.500         0.500         0.500         0.500         0.500


           NEW/ADDITIONAL PARAMETERS
              SIC           SWI           SWW           SWC           SCI
              ________      ________      ________      ________      ________
                0.500         0.500         0.500         0.500         0.500


           NEW/ADDITIONAL PARAMETERS
              SCW           SCC           SISV          SWSV          SCSV
              ________      ________      ________      ________      ________
                0.500         0.500         0.500         0.500         0.500


           NEW/ADDITIONAL PARAMETERS
              SIINT         SWINT         SCINT
              ________      ________      ________
                0.500         0.500         0.500



     PRIORS FOR ALL PARAMETERS            PRIOR MEAN      PRIOR VARIANCE     PRIOR STD. DEV.

     Parameter 1~N(0.000,infinity)           0.0000            infinity            infinity
     Parameter 2~IW(0.000,-5)              infinity            infinity            infinity
     Parameter 3~IW(0.000,-5)              infinity            infinity            infinity
     Parameter 4~IW(0.000,-5)              infinity            infinity            infinity
     Parameter 5~IW(0.000,-5)              infinity            infinity            infinity
     Parameter 6~IW(0.000,-5)              infinity            infinity            infinity
     Parameter 7~IW(0.000,-5)              infinity            infinity            infinity
     Parameter 8~IW(0.000,-5)              infinity            infinity            infinity
     Parameter 9~IW(0.000,-5)              infinity            infinity            infinity
     Parameter 10~IW(0.000,-5)             infinity            infinity            infinity
     Parameter 11~IW(0.000,-5)             infinity            infinity            infinity
     Parameter 12~N(0.000,infinity)          0.0000            infinity            infinity
     Parameter 13~N(0.000,infinity)          0.0000            infinity            infinity
     Parameter 14~N(0.000,infinity)          0.0000            infinity            infinity
     Parameter 15~N(0.000,infinity)          0.0000            infinity            infinity
     Parameter 16~N(0.000,infinity)          0.0000            infinity            infinity
     Parameter 17~N(0.000,infinity)          0.0000            infinity            infinity
     Parameter 18~N(0.000,infinity)          0.0000            infinity            infinity
     Parameter 19~N(0.000,infinity)          0.0000            infinity            infinity
     Parameter 20~N(0.000,infinity)          0.0000            infinity            infinity
     Parameter 21~N(0.000,infinity)          0.0000            infinity            infinity
     Parameter 22~N(0.000,infinity)          0.0000            infinity            infinity
     Parameter 23~N(0.000,infinity)          0.0000            infinity            infinity
     Parameter 24~N(0.000,infinity)          0.0000            infinity            infinity
     Parameter 25~N(0.000,infinity)          0.0000            infinity            infinity
     Parameter 26~N(0.000,infinity)          0.0000            infinity            infinity
     Parameter 27~N(0.000,infinity)          0.0000            infinity            infinity
     Parameter 28~N(0.000,infinity)          0.0000            infinity            infinity
     Parameter 29~N(0.000,infinity)          0.0000            infinity            infinity
     Parameter 30~N(0.000,infinity)          0.0000            infinity            infinity
     Parameter 31~N(0.000,infinity)          0.0000            infinity            infinity
     Parameter 32~N(0.000,infinity)          0.0000            infinity            infinity
     Parameter 33~N(0.000,infinity)          0.0000            infinity            infinity
     Parameter 34~N(0.000,infinity)          0.0000            infinity            infinity
     Parameter 35~N(0.000,infinity)          0.0000            infinity            infinity
     Parameter 36~N(0.000,infinity)          0.0000            infinity            infinity
     Parameter 37~N(0.000,infinity)          0.0000            infinity            infinity
     Parameter 38~N(0.000,infinity)          0.0000            infinity            infinity
     Parameter 39~N(0.000,infinity)          0.0000            infinity            infinity
     Parameter 40~N(0.000,infinity)          0.0000            infinity            infinity
     Parameter 41~N(0.000,infinity)          0.0000            infinity            infinity
     Parameter 42~N(0.000,infinity)          0.0000            infinity            infinity
     Parameter 43~N(0.000,infinity)          0.0000            infinity            infinity
     Parameter 44~N(0.000,infinity)          0.0000            infinity            infinity
     Parameter 45~N(0.000,infinity)          0.0000            infinity            infinity
     Parameter 46~N(0.000,infinity)          0.0000            infinity            infinity
     Parameter 47~N(0.000,infinity)          0.0000            infinity            infinity
     Parameter 48~IG(-1.000,0.000)         infinity            infinity            infinity
     Parameter 49~IG(-1.000,0.000)         infinity            infinity            infinity
     Parameter 50~IG(-1.000,0.000)         infinity            infinity            infinity
     Parameter 51~IG(-1.000,0.000)         infinity            infinity            infinity
     Parameter 52~IG(-1.000,0.000)         infinity            infinity            infinity
     Parameter 53~IG(-1.000,0.000)         infinity            infinity            infinity
     Parameter 54~IG(-1.000,0.000)         infinity            infinity            infinity
     Parameter 55~IG(-1.000,0.000)         infinity            infinity            infinity
     Parameter 56~IG(-1.000,0.000)         infinity            infinity            infinity
     Parameter 57~IG(-1.000,0.000)         infinity            infinity            infinity
     Parameter 58~IG(-1.000,0.000)         infinity            infinity            infinity
     Parameter 59~IG(-1.000,0.000)         infinity            infinity            infinity
     Parameter 60~IG(-1.000,0.000)         infinity            infinity            infinity
     Parameter 61~IG(-1.000,0.000)         infinity            infinity            infinity
     Parameter 62~IG(-1.000,0.000)         infinity            infinity            infinity
     Parameter 63~IW(0.000,-4)             infinity            infinity            infinity
     Parameter 64~IW(0.000,-4)             infinity            infinity            infinity
     Parameter 65~IW(0.000,-4)             infinity            infinity            infinity
     Parameter 66~IW(0.000,-4)             infinity            infinity            infinity
     Parameter 67~IW(0.000,-4)             infinity            infinity            infinity
     Parameter 68~IW(0.000,-4)             infinity            infinity            infinity


TECHNICAL 8 OUTPUT


   TECHNICAL 8 OUTPUT FOR BAYES ESTIMATION

     CHAIN    BSEED
     1        0
     2        285380

                     POTENTIAL       PARAMETER WITH
     ITERATION    SCALE REDUCTION      HIGHEST PSR
     100              1.922               33
     200              1.229               32
     300              1.256               24
     400              1.277               17
     500              1.141               42
     600              1.171               24
     700              1.656               24
     800              1.414               24
     900              1.236               44
     1000             1.157               44
     1100             1.137               44
     1200             1.102               44
     1300             1.052               44
     1400             1.021               44
     1500             1.043               17
     1600             1.037               17
     1700             1.038               17
     1800             1.042               17
     1900             1.026               17
     2000             1.020               14
     2100             1.048               14
     2200             1.057               14
     2300             1.056               14
     2400             1.052               14
     2500             1.066               14
     2600             1.056               14
     2700             1.070               14
     2800             1.067               14
     2900             1.055               14
     3000             1.036               14
     3100             1.028               18
     3200             1.043               42
     3300             1.049               42
     3400             1.035               18
     3500             1.031               18
     3600             1.030               18
     3700             1.032               18
     3800             1.030               18
     3900             1.027               18
     4000             1.018               18
     4100             1.014               18
     4200             1.012               18
     4300             1.012               18
     4400             1.015               18
     4500             1.021               15
     4600             1.018               18
     4700             1.020               18
     4800             1.022               18
     4900             1.018               18
     5000             1.012               18
     5100             1.014               32
     5200             1.016               32
     5300             1.011               32
     5400             1.008               32
     5500             1.005               36
     5600             1.005               42
     5700             1.005               42
     5800             1.005               42
     5900             1.004               42
     6000             1.011               26
     6100             1.027               24
     6200             1.036               26
     6300             1.048               24
     6400             1.060               24
     6500             1.058               24
     6600             1.063               42
     6700             1.055               42
     6800             1.054               42
     6900             1.061               42
     7000             1.066               42
     7100             1.062               42
     7200             1.042               42
     7300             1.041               42
     7400             1.041               42
     7500             1.029               42
     7600             1.020               42
     7700             1.014               26
     7800             1.014               24
     7900             1.019               24
     8000             1.016               24
     8100             1.014               26
     8200             1.015               26
     8300             1.015               26
     8400             1.016               26
     8500             1.019               26
     8600             1.016               26
     8700             1.014               26
     8800             1.015               24
     8900             1.015               26
     9000             1.012               26
     9100             1.014               26
     9200             1.014               26
     9300             1.014               26
     9400             1.014               32
     9500             1.014               32
     9600             1.011               32
     9700             1.011               32
     9800             1.009               32
     9900             1.008               32
     10000            1.007               32


     Beginning Time:  07:46:09
        Ending Time:  08:15:39
       Elapsed Time:  00:29:30



MUTHEN & MUTHEN
3463 Stoner Ave.
Los Angeles, CA  90066

Tel: (310) 391-9971
Fax: (310) 391-8971
Web: www.StatModel.com
Support: Support@StatModel.com

Copyright (c) 1998-2019 Muthen & Muthen
